TN:
SF:/usr/include/x86_64-linux-gnu/bits/string3.h
DA:52,258585
LF:1
LH:1
end_of_record
SF:/var/lib/jenkins/jobs/redis-lcov/workspace/src/sds.h
DA:48,204454
DA:49,204454
LF:2
LH:2
end_of_record
SF:/var/lib/jenkins/jobs/redis-lcov/workspace/src/sort.c
FN:38,createSortOperation
FN:61,lookupKeyByPattern
FN:138,sortCompare
FN:189,sortCommand
FNDA:11,createSortOperation
FNDA:86265,lookupKeyByPattern
FNDA:647299,sortCompare
FNDA:457,sortCommand
FNF:4
FNH:4
BRDA:70,0,0,54
BRDA:70,0,1,86211
BRDA:70,1,2,54
BRDA:70,1,3,0
BRDA:84,9999,0,16
BRDA:84,9999,1,86195
BRDA:90,0,0,32065
BRDA:90,0,1,54130
BRDA:90,1,2,32064
BRDA:90,1,3,1
BRDA:100,0,0,32064
BRDA:100,0,1,54131
BRDA:110,9999,0,86165
BRDA:110,9999,1,30
BRDA:112,0,0,32064
BRDA:112,0,1,54101
BRDA:113,0,0,32064
BRDA:113,0,1,0
BRDA:119,0,0,54101
BRDA:119,0,1,0
BRDA:126,9999,0,32064
BRDA:126,9999,1,54101
BRDA:131,9999,0,0
BRDA:131,9999,1,30
BRDA:142,0,0,647043
BRDA:142,0,1,256
BRDA:144,0,0,302233
BRDA:144,0,1,344810
BRDA:146,0,0,85
BRDA:146,0,1,302148
BRDA:156,0,0,0
BRDA:156,0,1,256
BRDA:157,0,0,-
BRDA:157,0,1,-
BRDA:157,1,2,-
BRDA:157,1,3,-
BRDA:159,0,0,-
BRDA:159,0,1,-
BRDA:161,0,0,-
BRDA:161,0,1,-
BRDA:167,0,0,-
BRDA:167,0,1,-
BRDA:177,0,0,85
BRDA:177,0,1,171
BRDA:184,0,0,52
BRDA:184,0,1,647247
BRDA:202,9999,0,450
BRDA:202,9999,1,7
BRDA:202,0,2,431
BRDA:202,0,3,19
BRDA:202,1,4,11
BRDA:202,1,5,420
BRDA:203,0,0,0
BRDA:203,0,1,11
BRDA:219,9999,0,450
BRDA:219,9999,1,7
BRDA:225,0,0,789
BRDA:225,0,1,457
BRDA:227,0,1,785
BRDA:227,0,2,4
BRDA:229,0,1,777
BRDA:229,0,2,8
BRDA:231,0,1,773
BRDA:231,0,2,4
BRDA:233,0,1,413
BRDA:233,0,2,360
BRDA:234,0,1,413
BRDA:234,0,2,0
BRDA:234,0,3,413
BRDA:234,0,4,0
BRDA:237,0,1,11
BRDA:237,0,2,349
BRDA:240,0,1,338
BRDA:240,0,2,11
BRDA:244,0,0,116
BRDA:244,0,1,222
BRDA:246,0,1,11
BRDA:246,0,2,0
BRDA:268,0,0,446
BRDA:268,0,1,11
BRDA:268,1,2,8
BRDA:268,1,3,438
BRDA:268,2,4,7
BRDA:268,2,5,12
BRDA:269,0,0,5
BRDA:269,0,1,2
BRDA:278,0,0,11
BRDA:278,0,1,446
BRDA:282,0,0,427
BRDA:282,0,1,19
BRDA:282,0,2,11
BRDA:282,0,3,0
BRDA:291,0,0,44
BRDA:291,0,1,413
BRDA:292,0,0,9
BRDA:292,0,1,448
BRDA:296,0,0,1
BRDA:296,0,1,456
BRDA:308,0,0,10
BRDA:308,0,1,447
BRDA:309,0,0,9
BRDA:309,0,1,1
BRDA:310,0,0,4
BRDA:310,0,1,5
BRDA:319,9999,0,427
BRDA:319,9999,1,30
BRDA:322,0,1,73175
BRDA:322,0,2,427
BRDA:329,0,0,19
BRDA:329,0,1,11
BRDA:332,0,1,33169
BRDA:332,0,2,19
BRDA:339,0,0,10
BRDA:339,0,1,1
BRDA:354,0,0,4
BRDA:354,0,1,6
BRDA:358,0,0,0
BRDA:358,0,1,4
BRDA:362,0,0,1
BRDA:362,0,1,5
BRDA:366,0,0,31
BRDA:366,0,1,10
BRDA:367,0,0,0
BRDA:367,0,1,31
BRDA:373,0,0,13
BRDA:373,0,1,18
BRDA:381,0,0,1
BRDA:381,0,1,0
BRDA:386,0,1,5
BRDA:386,0,2,1
BRDA:396,0,0,0
BRDA:396,0,1,457
BRDA:399,0,0,346
BRDA:399,0,1,111
BRDA:400,1,0,96348
BRDA:400,1,1,346
BRDA:402,0,0,86156
BRDA:402,0,1,10192
BRDA:405,9999,0,24
BRDA:405,9999,1,86132
BRDA:411,0,0,88
BRDA:411,0,1,96236
BRDA:412,0,0,0
BRDA:412,0,1,88
BRDA:414,0,0,44345
BRDA:414,0,1,51891
BRDA:418,9999,0,44343
BRDA:418,9999,1,2
BRDA:418,0,3,44343
BRDA:418,0,4,0
BRDA:418,0,5,0
BRDA:418,0,6,44343
BRDA:423,0,0,51891
BRDA:423,0,1,0
BRDA:435,0,0,86132
BRDA:435,0,1,10192
BRDA:441,0,0,346
BRDA:441,0,1,111
BRDA:446,0,0,222
BRDA:446,0,1,124
BRDA:446,1,2,216
BRDA:446,1,3,6
BRDA:446,2,4,200
BRDA:446,2,5,16
BRDA:454,0,0,7
BRDA:454,0,1,450
BRDA:455,0,0,2
BRDA:455,0,1,455
BRDA:457,0,0,444
BRDA:457,0,1,11
BRDA:460,1,0,48312
BRDA:460,1,1,444
BRDA:464,0,0,48241
BRDA:464,0,1,71
BRDA:466,0,1,109
BRDA:466,0,2,48312
BRDA:471,9999,0,109
BRDA:471,9999,1,0
BRDA:472,0,0,22
BRDA:472,0,1,87
BRDA:480,0,0,-
BRDA:480,0,1,-
BRDA:488,1,0,56
BRDA:488,1,1,11
BRDA:492,0,0,56
BRDA:492,0,1,0
BRDA:496,0,1,-
BRDA:496,0,2,-
BRDA:501,9999,0,-
BRDA:501,9999,1,-
BRDA:502,0,0,-
BRDA:502,0,1,-
BRDA:511,0,0,-
BRDA:511,0,1,-
BRDA:516,0,0,3
BRDA:516,0,1,8
BRDA:521,0,1,6
BRDA:521,0,2,2
BRDA:531,0,0,446
BRDA:531,0,1,11
BRDA:532,0,0,106344
BRDA:532,0,1,446
BRDA:536,1,1,106380
BRDA:536,1,2,457
BRDA:537,0,0,88
BRDA:537,0,1,106292
BRDA:537,1,2,0
BRDA:537,1,3,88
BRF:208
BRH:167
DA:38,11
DA:39,11
DA:40,11
DA:41,11
DA:42,11
DA:61,86265
DA:64,86265
DA:69,86265
DA:70,86265
DA:71,54
DA:72,54
DA:78,86211
DA:79,86211
DA:83,86211
DA:84,86211
DA:85,16
DA:86,16
DA:90,86195
DA:91,32064
DA:92,32064
DA:98,86195
DA:99,86195
DA:100,86195
DA:101,86195
DA:102,86195
DA:103,86195
DA:104,86195
DA:105,86195
DA:106,86195
DA:109,86195
DA:110,86195
DA:112,86165
DA:113,32064
DA:117,32064
DA:119,54101
DA:123,54101
DA:125,86165
DA:126,86165
DA:130,30
DA:131,86265
DA:138,647299
DA:139,647299
DA:142,647299
DA:144,647043
DA:146,302233
DA:152,85
DA:156,256
DA:157,0
DA:159,0
DA:161,0
DA:164,0
DA:167,0
DA:168,0
DA:172,0
DA:177,256
DA:178,85
DA:180,171
DA:184,647299
DA:189,457
DA:191,457
DA:192,457
DA:193,457
DA:194,457
DA:195,457
DA:196,457
DA:197,457
DA:201,457
DA:202,457
DA:203,11
DA:204,11
DA:206,0
DA:207,0
DA:212,457
DA:213,457
DA:214,457
DA:219,457
DA:220,457
DA:222,7
DA:225,1246
DA:226,789
DA:227,789
DA:229,785
DA:231,777
DA:233,773
DA:234,826
DA:235,413
DA:236,413
DA:237,360
DA:238,11
DA:239,11
DA:240,349
DA:241,338
DA:244,338
DA:245,338
DA:246,11
DA:247,11
DA:248,11
DA:249,11
DA:250,11
DA:252,0
DA:253,0
DA:254,0
DA:255,0
DA:257,789
DA:268,457
DA:269,7
DA:272,5
DA:273,5
DA:274,5
DA:278,457
DA:279,11
DA:282,457
DA:283,427
DA:284,19
DA:285,11
DA:286,0
DA:290,457
DA:291,457
DA:292,457
DA:293,9
DA:294,9
DA:296,457
DA:308,457
DA:309,10
DA:310,9
DA:312,5
DA:316,457
DA:317,457
DA:319,457
DA:320,427
DA:322,73602
DA:323,73175
DA:324,73175
DA:325,73175
DA:326,73175
DA:328,427
DA:329,30
DA:330,19
DA:332,33188
DA:333,33169
DA:334,33169
DA:335,33169
DA:336,33169
DA:338,19
DA:339,11
DA:347,10
DA:348,10
DA:351,10
DA:354,10
DA:355,4
DA:357,4
DA:358,4
DA:359,0
DA:361,6
DA:362,6
DA:363,10
DA:366,41
DA:367,31
DA:368,31
DA:369,31
DA:370,31
DA:371,31
DA:372,31
DA:373,31
DA:379,10
DA:380,10
DA:381,1
DA:382,1
DA:385,1
DA:386,6
DA:387,5
DA:388,5
DA:389,5
DA:390,5
DA:392,1
DA:394,0
DA:396,457
DA:399,457
DA:400,96694
DA:402,96348
DA:404,86156
DA:405,86156
DA:408,10192
DA:411,96324
DA:412,88
DA:414,96236
DA:417,44345
DA:418,88688
DA:419,44343
DA:421,2
DA:423,51891
DA:427,51891
DA:429,0
DA:435,96324
DA:436,86132
DA:441,457
DA:442,346
DA:443,346
DA:444,346
DA:445,346
DA:446,346
DA:447,206
DA:449,140
DA:454,457
DA:455,457
DA:456,2
DA:457,455
DA:459,444
DA:460,48756
DA:464,48312
DA:465,48312
DA:466,48421
DA:467,109
DA:468,109
DA:469,109
DA:471,109
DA:472,109
DA:473,22
DA:475,87
DA:476,87
DA:480,109
DA:485,11
DA:488,67
DA:492,56
DA:493,56
DA:495,0
DA:496,0
DA:497,0
DA:498,0
DA:499,0
DA:501,0
DA:502,0
DA:507,0
DA:508,0
DA:511,0
DA:516,11
DA:517,3
DA:518,3
DA:519,3
DA:520,3
DA:521,8
DA:522,6
DA:523,6
DA:524,6
DA:526,11
DA:527,11
DA:531,457
DA:532,106790
DA:533,106344
DA:534,457
DA:535,457
DA:536,106837
DA:537,106380
DA:538,0
DA:540,457
LF:255
LH:227
end_of_record
TN:
SF:/usr/include/x86_64-linux-gnu/bits/stdio2.h
BRDA:277,9999,0,0
BRDA:277,9999,1,12
BRDA:280,0,0,-
BRDA:280,0,1,-
BRDA:281,0,0,-
BRDA:281,0,1,-
BRDA:284,0,0,-
BRDA:284,0,1,-
BRF:8
BRH:1
DA:34,0
DA:105,7
DA:255,17
DA:277,12
DA:280,0
DA:281,0
DA:282,0
DA:284,0
DA:285,0
DA:287,12
LF:10
LH:4
end_of_record
SF:/usr/include/x86_64-linux-gnu/sys/stat.h
DA:471,2
LF:1
LH:1
end_of_record
SF:/var/lib/jenkins/jobs/redis-lcov/workspace/src/redis-check-aof.c
FN:48,consumeNewline
FN:56,readLong
FN:70,readBytes
FN:81,readString
FN:101,readArgc
FN:105,process
FN:149,main
FNDA:26,consumeNewline
FNDA:16,readLong
FNDA:12,readBytes
FNDA:12,readString
FNDA:4,readArgc
FNDA:2,process
FNDA:2,main
FNF:7
FNH:7
BRDA:49,0,0,0
BRDA:49,0,1,26
BRDA:59,9999,0,16
BRDA:59,9999,1,0
BRDA:62,0,0,0
BRDA:62,0,1,16
BRDA:74,0,0,2
BRDA:74,0,1,10
BRDA:84,0,1,12
BRDA:84,0,2,0
BRDA:91,0,1,10
BRDA:91,0,2,2
BRDA:94,0,1,10
BRDA:94,0,2,0
BRDA:112,0,0,4
BRDA:112,0,1,0
BRDA:113,0,1,4
BRDA:113,0,2,0
BRDA:115,1,0,12
BRDA:115,1,1,2
BRDA:116,0,1,10
BRDA:116,0,2,2
BRDA:117,0,0,4
BRDA:117,0,1,6
BRDA:118,0,1,0
BRDA:118,0,2,4
BRDA:119,0,0,-
BRDA:119,0,1,-
BRDA:123,0,1,0
BRDA:123,0,2,4
BRDA:124,0,0,-
BRDA:124,0,1,-
BRDA:134,0,0,2
BRDA:134,0,1,2
BRDA:135,0,0,2
BRDA:135,0,1,0
BRDA:140,0,1,2
BRDA:140,0,2,0
BRDA:140,1,3,0
BRDA:140,1,4,2
BRDA:140,2,5,-
BRDA:140,2,6,-
BRDA:143,0,0,2
BRDA:143,0,1,0
BRDA:153,0,0,0
BRDA:153,0,1,2
BRDA:156,0,0,1
BRDA:156,0,1,1
BRDA:158,0,0,1
BRDA:158,0,1,0
BRDA:159,0,0,0
BRDA:159,0,1,1
BRDA:171,9999,0,0
BRDA:171,9999,1,2
BRDA:177,0,1,0
BRDA:177,0,2,2
BRDA:183,0,0,0
BRDA:183,0,1,2
BRDA:192,9999,0,2
BRDA:192,9999,1,0
BRDA:193,0,0,1
BRDA:193,0,1,1
BRDA:197,9999,0,1
BRDA:197,9999,1,0
BRDA:197,9999,2,0
BRDA:197,9999,3,1
BRDA:202,0,2,0
BRDA:202,0,3,1
BRF:68
BRH:39
DA:48,26
DA:49,26
DA:50,0
DA:51,26
DA:56,16
DA:58,16
DA:59,16
DA:62,16
DA:63,0
DA:64,0
DA:66,16
DA:67,16
DA:70,12
DA:72,12
DA:73,24
DA:74,12
DA:75,2
DA:76,12
DA:81,12
DA:83,12
DA:84,12
DA:89,12
DA:90,12
DA:91,12
DA:94,10
DA:97,10
DA:98,12
DA:101,4
DA:102,4
DA:105,2
DA:107,2
DA:108,2
DA:112,4
DA:113,4
DA:115,14
DA:116,12
DA:117,10
DA:118,4
DA:119,0
DA:120,0
DA:123,4
DA:124,0
DA:125,0
DA:130,10
DA:134,4
DA:135,2
DA:140,2
DA:141,0
DA:143,2
DA:144,2
DA:146,2
DA:149,2
DA:151,2
DA:153,2
DA:154,0
DA:155,0
DA:156,2
DA:157,1
DA:158,1
DA:159,1
DA:160,0
DA:161,0
DA:163,1
DA:164,1
DA:166,0
DA:167,0
DA:170,2
DA:171,2
DA:172,0
DA:173,0
DA:177,4
DA:178,0
DA:179,0
DA:182,2
DA:183,2
DA:184,0
DA:185,0
DA:188,2
DA:189,2
DA:190,2
DA:192,2
DA:193,2
DA:195,1
DA:196,1
DA:197,2
DA:198,1
DA:199,0
DA:200,0
DA:202,1
DA:203,0
DA:204,0
DA:206,1
DA:209,1
DA:210,1
DA:213,0
DA:216,1
LF:96
LH:71
end_of_record
TN:
SF:/usr/include/x86_64-linux-gnu/bits/unistd.h
BRDA:37,0,0,0
BRDA:37,0,1,1698
BRDA:39,0,0,-
BRDA:39,0,1,-
BRDA:42,0,0,-
BRDA:42,0,1,-
BRF:6
BRH:1
DA:37,1698
DA:39,0
DA:40,0
DA:42,0
DA:43,0
DA:45,1698
LF:6
LH:2
end_of_record
SF:/var/lib/jenkins/jobs/redis-lcov/workspace/src/syncio.c
FN:49,syncWrite
FN:85,syncRead
FN:125,syncReadLine
FNDA:81,syncWrite
FNDA:1646,syncRead
FNDA:102,syncReadLine
FNF:3
FNH:3
BRDA:62,9999,0,0
BRDA:62,9999,1,81
BRDA:63,0,1,-
BRDA:63,0,2,-
BRDA:68,0,0,0
BRDA:68,0,1,81
BRDA:73,9999,0,-
BRDA:73,9999,1,-
BRDA:90,9999,0,1646
BRDA:90,9999,1,0
BRDA:99,0,0,1698
BRDA:99,0,1,0
BRDA:100,0,0,53
BRDA:100,0,1,1645
BRDA:101,0,1,53
BRDA:101,0,2,0
BRDA:107,0,0,53
BRDA:107,0,1,1645
BRDA:112,9999,0,1
BRDA:112,9999,1,52
BRDA:129,1,0,1646
BRDA:129,1,1,0
BRDA:132,0,1,1645
BRDA:132,0,2,1
BRDA:133,0,0,101
BRDA:133,0,1,1544
BRDA:135,0,0,101
BRDA:135,0,1,0
BRDA:135,1,2,101
BRDA:135,1,3,0
BRF:30
BRH:18
DA:49,81
DA:50,81
DA:51,81
DA:52,81
DA:55,81
DA:61,81
DA:62,81
DA:63,0
DA:65,81
DA:66,81
DA:68,81
DA:71,0
DA:72,0
DA:73,0
DA:74,0
DA:75,0
DA:77,0
DA:78,81
DA:85,1646
DA:86,1646
DA:87,1646
DA:88,1646
DA:90,1646
DA:92,1698
DA:98,3396
DA:99,1698
DA:100,1698
DA:101,53
DA:103,1645
DA:104,1645
DA:105,1645
DA:107,1698
DA:110,53
DA:111,53
DA:112,53
DA:113,1
DA:114,1
DA:116,52
DA:117,1698
DA:125,102
DA:126,102
DA:128,102
DA:129,1748
DA:132,1646
DA:133,1645
DA:134,101
DA:135,101
DA:138,1544
DA:139,1544
DA:140,1544
LF:50
LH:43
end_of_record
TN:
SF:/var/lib/jenkins/jobs/redis-lcov/workspace/src/sds.h
DA:48,342
DA:49,342
LF:2
LH:2
end_of_record
SF:/var/lib/jenkins/jobs/redis-lcov/workspace/src/slowlog.c
FN:48,slowlogCreateEntry
FN:91,slowlogFreeEntry
FN:103,slowlogInit
FN:112,slowlogPushEntryIfNeeded
FN:123,slowlogReset
FN:130,slowlogCommand
FNDA:196,slowlogCreateEntry
FNDA:114,slowlogFreeEntry
FNDA:131,slowlogInit
FNDA:6063329,slowlogPushEntryIfNeeded
FNDA:4,slowlogReset
FNDA:16,slowlogCommand
FNF:6
FNH:6
BRDA:52,9999,0,1
BRDA:52,9999,1,195
BRDA:55,1,0,370
BRDA:55,1,1,196
BRDA:59,0,0,32
BRDA:59,0,1,338
BRDA:59,1,2,1
BRDA:59,1,3,31
BRDA:65,0,0,369
BRDA:65,0,1,0
BRDA:65,1,2,340
BRDA:65,1,3,29
BRDA:66,0,0,2
BRDA:66,0,1,338
BRDA:95,1,0,171
BRDA:95,1,1,114
BRDA:113,0,0,6063329
BRDA:113,0,1,0
BRDA:114,0,0,196
BRDA:114,0,1,6063133
BRDA:118,0,0,95
BRDA:118,0,1,6063329
BRDA:124,1,0,19
BRDA:124,1,1,4
BRDA:131,0,0,15
BRDA:131,0,1,1
BRDA:131,1,3,4
BRDA:131,1,4,11
BRDA:134,0,0,11
BRDA:134,0,1,1
BRDA:134,1,3,7
BRDA:134,1,4,4
BRDA:136,0,0,5
BRDA:136,0,1,0
BRDA:136,0,2,5
BRDA:136,0,3,0
BRDA:145,0,0,1
BRDA:145,0,1,4
BRDA:145,0,2,1
BRDA:145,0,3,0
BRDA:151,0,0,15
BRDA:151,0,1,1
BRDA:151,1,3,11
BRDA:151,1,4,4
BRDA:160,0,1,52
BRDA:160,0,2,11
BRF:46
BRH:41
DA:48,196
DA:49,196
DA:50,196
DA:52,196
DA:53,196
DA:54,196
DA:55,566
DA:59,370
DA:60,1
DA:61,1
DA:62,1
DA:65,369
DA:66,340
DA:67,340
DA:68,2
DA:69,2
DA:71,2
DA:73,2
DA:74,2
DA:76,367
DA:77,367
DA:81,196
DA:82,196
DA:83,196
DA:84,196
DA:91,114
DA:92,114
DA:95,285
DA:96,171
DA:97,114
DA:98,114
DA:99,114
DA:103,131
DA:104,131
DA:105,131
DA:106,131
DA:107,131
DA:112,6063329
DA:113,12126658
DA:114,6063329
DA:115,6063329
DA:118,6063424
DA:119,95
DA:123,4
DA:124,23
DA:125,19
DA:126,4
DA:130,16
DA:131,16
DA:132,4
DA:133,4
DA:134,12
DA:135,7
DA:136,10
DA:137,5
DA:138,5
DA:139,5
DA:145,6
DA:146,1
DA:147,16
DA:149,5
DA:150,5
DA:151,16
DA:154,11
DA:155,11
DA:156,11
DA:157,11
DA:158,11
DA:159,11
DA:160,63
DA:161,52
DA:162,11
DA:164,5
DA:166,0
LF:74
LH:73
end_of_record
TN:
SF:/usr/include/x86_64-linux-gnu/bits/string3.h
DA:52,225
LF:1
LH:1
end_of_record
SF:/var/lib/jenkins/jobs/redis-lcov/workspace/src/multi.c
FN:35,initClientMultiState
FN:36,discardTransaction
FN:41,freeClientMultiState
FN:56,queueMultiCommand
FN:81,flagTransaction
FN:86,multiCommand
FN:95,discardCommand
FN:106,execCommandPropagateMulti
FN:114,execCommand
FN:202,watchForKey
FN:233,unwatchAllKeys
FN:261,touchWatchedKey
FN:284,touchWatchedKeysOnFlush
FN:307,watchCommand
FN:319,unwatchCommand
FNDA:824,initClientMultiState
FNDA:590,freeClientMultiState
FNDA:225,queueMultiCommand
FNDA:185,discardTransaction
FNDA:2136,flagTransaction
FNDA:192,multiCommand
FNDA:15,discardCommand
FNDA:31,execCommandPropagateMulti
FNDA:171,execCommand
FNDA:117,watchForKey
FNDA:544,unwatchAllKeys
FNDA:4365577,touchWatchedKey
FNDA:310,touchWatchedKeysOnFlush
FNDA:92,watchCommand
FNDA:10,unwatchCommand
FNF:15
FNH:15
BRDA:44,1,0,222
BRDA:44,1,1,590
BRDA:48,1,0,453
BRDA:48,1,1,222
BRDA:67,0,0,454
BRDA:67,0,1,225
BRDA:82,0,0,15
BRDA:82,0,1,2121
BRDA:87,0,0,5
BRDA:87,0,1,187
BRDA:96,0,0,0
BRDA:96,0,1,15
BRDA:121,0,0,0
BRDA:121,0,1,171
BRDA:132,0,0,51
BRDA:132,0,1,120
BRDA:133,0,0,15
BRDA:133,0,1,36
BRDA:145,0,1,152
BRDA:145,0,2,119
BRDA:154,0,0,140
BRDA:154,0,1,12
BRDA:154,1,2,31
BRDA:154,1,3,109
BRDA:172,9999,0,31
BRDA:172,9999,1,88
BRDA:180,0,0,0
BRDA:180,0,1,170
BRDA:180,1,2,-
BRDA:180,1,3,-
BRDA:210,0,1,80
BRDA:210,0,2,117
BRDA:212,0,0,0
BRDA:212,0,1,80
BRDA:212,2,3,80
BRDA:212,2,4,0
BRDA:217,9999,0,117
BRDA:217,9999,1,0
BRDA:237,0,0,82
BRDA:237,0,1,462
BRDA:239,0,1,117
BRDA:239,0,2,82
BRDA:247,9999,0,0
BRDA:247,9999,1,117
BRDA:250,9999,0,117
BRDA:250,9999,1,0
BRDA:266,0,0,42
BRDA:266,0,1,4365535
BRDA:268,9999,0,41
BRDA:268,9999,1,1
BRDA:273,0,1,41
BRDA:273,0,2,41
BRDA:290,0,1,312
BRDA:290,0,2,310
BRDA:293,0,1,20
BRDA:293,0,2,312
BRDA:299,0,0,10
BRDA:299,0,1,10
BRDA:299,1,2,10
BRDA:299,1,3,0
BRDA:300,0,1,10
BRDA:300,0,2,10
BRDA:310,0,0,87
BRDA:310,0,1,5
BRDA:314,0,0,117
BRDA:314,0,1,87
BRF:66
BRH:55
DA:35,824
DA:36,1009
DA:37,1009
DA:38,824
DA:41,590
DA:44,812
DA:46,222
DA:48,675
DA:49,453
DA:50,222
DA:52,590
DA:53,590
DA:56,225
DA:60,225
DA:61,225
DA:62,225
DA:63,225
DA:64,225
DA:65,225
DA:66,225
DA:67,679
DA:68,454
DA:69,225
DA:70,225
DA:72,185
DA:73,185
DA:75,185
DA:76,185
DA:77,185
DA:81,2136
DA:82,2136
DA:83,15
DA:84,2136
DA:86,192
DA:87,192
DA:88,5
DA:89,192
DA:91,187
DA:92,187
DA:95,15
DA:96,15
DA:97,0
DA:98,15
DA:100,15
DA:101,15
DA:106,31
DA:107,31
DA:109,31
DA:111,31
DA:112,31
DA:114,171
DA:119,171
DA:121,171
DA:122,0
DA:123,170
DA:132,171
DA:133,51
DA:135,51
DA:136,51
DA:140,120
DA:141,120
DA:142,120
DA:143,120
DA:144,120
DA:145,271
DA:146,152
DA:147,152
DA:148,152
DA:154,152
DA:155,31
DA:156,31
DA:159,152
DA:162,151
DA:163,151
DA:164,151
DA:166,119
DA:167,119
DA:168,119
DA:169,119
DA:172,119
DA:180,170
DA:181,0
DA:202,117
DA:203,117
DA:209,117
DA:210,314
DA:211,80
DA:212,197
DA:213,117
DA:216,117
DA:217,117
DA:218,117
DA:219,117
DA:220,117
DA:222,117
DA:224,117
DA:225,117
DA:226,117
DA:227,117
DA:228,117
DA:233,544
DA:237,626
DA:238,82
DA:239,199
DA:245,117
DA:246,117
DA:247,117
DA:248,117
DA:250,117
DA:251,117
DA:253,117
DA:254,117
DA:255,117
DA:261,4365577
DA:266,4365577
DA:267,42
DA:268,42
DA:272,41
DA:273,4365618
DA:274,41
DA:276,41
DA:284,310
DA:289,310
DA:290,622
DA:291,312
DA:292,312
DA:293,332
DA:294,20
DA:299,20
DA:300,20
DA:301,20
DA:305,310
DA:307,92
DA:310,92
DA:311,5
DA:312,92
DA:314,204
DA:315,117
DA:316,87
DA:319,10
DA:320,10
DA:321,10
DA:322,10
DA:323,10
LF:144
LH:141
end_of_record
TN:
SF:/usr/include/x86_64-linux-gnu/bits/stdio2.h
BRDA:277,0,0,0
BRDA:277,0,1,3241861
BRDA:279,0,0,-
BRDA:279,0,1,-
BRDA:281,0,0,-
BRDA:281,0,1,-
BRDA:284,0,0,-
BRDA:284,0,1,-
BRF:8
BRH:1
DA:65,2951
DA:277,3241861
DA:279,0
DA:281,0
DA:282,0
DA:284,0
DA:285,0
DA:287,3241861
LF:8
LH:3
end_of_record
SF:/usr/include/x86_64-linux-gnu/bits/string3.h
DA:52,200037
LF:1
LH:1
end_of_record
SF:/var/lib/jenkins/jobs/redis-lcov/workspace/src/rio.c
FN:59,rioBufferWrite
FN:66,rioBufferRead
FN:75,rioBufferTell
FN:80,rioFileWrite
FN:96,rioFileRead
FN:101,rioFileTell
FN:127,rioInitWithFile
FN:134,rioInitWithBuffer
FN:142,rioGenericUpdateChecksum
FN:154,rioSetAutoSync
FN:164,rioWriteBulkCount
FN:177,rioWriteBulkString
FN:187,rioWriteBulkLongLong
FN:196,rioWriteBulkDouble
FNDA:300227,rioBufferWrite
FNDA:200037,rioBufferRead
FNDA:0,rioBufferTell
FNDA:19813887,rioFileWrite
FNDA:3241861,rioFileRead
FNDA:0,rioFileTell
FNDA:440,rioInitWithFile
FNDA:34,rioInitWithBuffer
FNDA:22554300,rioGenericUpdateChecksum
FNDA:27,rioSetAutoSync
FNDA:145478,rioWriteBulkCount
FNDA:145311,rioWriteBulkString
FNDA:71713,rioWriteBulkLongLong
FNDA:2951,rioWriteBulkDouble
FNF:14
FNH:12
BRDA:67,0,0,200037
BRDA:67,0,1,0
BRDA:86,9999,0,501448
BRDA:86,9999,1,19312439
BRDA:86,0,2,0
BRDA:86,0,3,501448
BRDA:155,0,0,0
BRDA:155,0,1,27
BRDA:172,9999,1,145478
BRDA:172,9999,2,0
BRDA:180,0,1,145311
BRDA:180,0,2,0
BRDA:181,0,0,145235
BRDA:181,0,1,76
BRDA:181,1,3,145235
BRDA:181,1,4,0
BRDA:182,0,1,145311
BRDA:182,0,2,0
BRF:18
BRH:11
DA:59,300227
DA:60,300227
DA:61,300227
DA:62,300227
DA:66,200037
DA:67,200037
DA:69,200037
DA:70,200037
DA:71,200037
DA:75,0
DA:76,0
DA:80,19813887
DA:83,19813887
DA:84,19813887
DA:86,19813887
DA:87,501448
DA:89,0
DA:90,0
DA:92,19813887
DA:96,3241861
DA:97,3241861
DA:101,0
DA:102,0
DA:127,440
DA:128,440
DA:129,440
DA:130,440
DA:131,440
DA:132,440
DA:134,34
DA:135,34
DA:136,34
DA:137,34
DA:138,34
DA:142,22554300
DA:143,22554300
DA:144,22554300
DA:154,27
DA:155,27
DA:156,27
DA:157,27
DA:164,145478
DA:168,145478
DA:169,145478
DA:170,145478
DA:171,145478
DA:172,145478
DA:173,145478
DA:177,145311
DA:180,145311
DA:181,145311
DA:182,145311
DA:183,145311
DA:187,71713
DA:191,71713
DA:192,71713
DA:196,2951
DA:200,2951
DA:201,2951
LF:59
LH:53
end_of_record
SF:/var/lib/jenkins/jobs/redis-lcov/workspace/src/rio.h
FN:82,rioWrite
FNDA:436024,rioWrite
FNF:1
FNH:1
BRDA:83,1,0,436024
BRDA:83,1,1,436024
BRDA:84,0,0,0
BRDA:84,0,1,436024
BRDA:84,1,2,-
BRDA:84,1,3,-
BRDA:85,0,0,0
BRDA:85,0,1,436024
BRDA:86,0,1,436024
BRDA:86,0,2,0
BRF:10
BRH:5
DA:82,436024
DA:83,872048
DA:84,436024
DA:85,436024
DA:86,436024
DA:88,436024
DA:89,436024
DA:90,436024
LF:8
LH:8
end_of_record
SF:/var/lib/jenkins/jobs/redis-lcov/workspace/src/sds.h
DA:48,200037
DA:49,200037
LF:2
LH:2
end_of_record
TN:
SF:/usr/include/x86_64-linux-gnu/bits/string3.h
DA:85,61
LF:1
LH:1
end_of_record
SF:/var/lib/jenkins/jobs/redis-lcov/workspace/src/ae.c
FN:63,aeCreateEventLoop
FN:95,aeGetSetSize
FN:106,aeResizeSetSize
FN:124,aeDeleteEventLoop
FN:131,aeStop
FN:135,aeCreateFileEvent
FN:155,aeDeleteFileEvent
FN:173,aeGetFileEvents
FN:180,aeGetTime
FN:189,aeAddMillisecondsToNow
FN:203,aeCreateTimeEvent
FN:222,aeDeleteTimeEvent
FN:255,aeSearchNearestTimer
FN:257,aeProcessEvents
FN:271,processTimeEvents
FN:430,aeWait
FN:450,aeMain
FN:459,aeGetApiName
FN:463,aeSetBeforeSleepProc
FNDA:131,aeCreateEventLoop
FNDA:0,aeGetSetSize
FNDA:0,aeResizeSetSize
FNDA:0,aeDeleteEventLoop
FNDA:0,aeStop
FNDA:2756811,aeCreateFileEvent
FNDA:2756665,aeDeleteFileEvent
FNDA:203966,aeGetFileEvents
FNDA:8385712,aeGetTime
FNDA:7841,aeAddMillisecondsToNow
FNDA:131,aeCreateTimeEvent
FNDA:0,aeDeleteTimeEvent
FNDA:0,aeSearchNearestTimer
FNDA:4185057,processTimeEvents
FNDA:4186059,aeProcessEvents
FNDA:61,aeWait
FNDA:127,aeMain
FNDA:9672,aeGetApiName
FNDA:127,aeSetBeforeSleepProc
FNF:19
FNH:13
BRDA:67,0,1,131
BRDA:67,0,2,0
BRDA:70,9999,0,131
BRDA:70,9999,1,0
BRDA:70,0,2,131
BRDA:70,0,3,0
BRDA:78,0,0,131
BRDA:78,0,1,0
BRDA:81,1,0,1077578
BRDA:81,1,1,131
BRDA:86,0,0,-
BRDA:86,0,1,-
BRDA:109,0,0,-
BRDA:109,0,1,-
BRDA:110,0,0,-
BRDA:110,0,1,-
BRDA:119,1,0,-
BRDA:119,1,1,-
BRDA:138,0,0,0
BRDA:138,0,1,2756811
BRDA:144,0,0,2756811
BRDA:144,0,1,0
BRDA:147,0,0,692
BRDA:147,0,1,2756119
BRDA:148,0,0,2756141
BRDA:148,0,1,670
BRDA:150,0,0,691
BRDA:150,0,1,2756120
BRDA:157,0,0,2756665
BRDA:157,0,1,0
BRDA:160,0,0,2756444
BRDA:160,0,1,221
BRDA:162,0,0,1248817
BRDA:162,0,1,1507627
BRDA:162,1,2,256
BRDA:162,1,3,1248561
BRDA:166,2,0,282
BRDA:166,2,1,0
BRDA:167,0,0,26
BRDA:167,0,1,256
BRDA:174,0,0,203966
BRDA:174,0,1,0
BRDA:195,9999,0,766
BRDA:195,9999,1,7075
BRDA:211,9999,0,131
BRDA:211,9999,1,0
BRDA:227,1,0,-
BRDA:227,1,1,-
BRDA:228,0,0,-
BRDA:228,0,1,-
BRDA:229,0,0,-
BRDA:229,0,1,-
BRDA:233,0,0,-
BRDA:233,0,1,-
BRDA:260,0,0,4185104
BRDA:260,0,1,4185104
BRDA:260,2,2,-
BRDA:260,2,3,-
BRDA:261,0,0,0
BRDA:261,0,1,4185104
BRDA:261,1,2,-
BRDA:261,1,3,-
BRDA:261,2,4,-
BRDA:261,2,5,-
BRDA:261,3,6,-
BRDA:261,3,7,-
BRDA:261,4,8,-
BRDA:261,4,9,-
BRDA:261,5,10,-
BRDA:261,5,11,-
BRDA:262,0,0,-
BRDA:262,0,1,-
BRDA:262,1,2,-
BRDA:262,1,3,-
BRDA:285,9999,0,0
BRDA:285,9999,1,4185057
BRDA:287,1,0,-
BRDA:287,1,1,-
BRDA:296,1,0,4192767
BRDA:296,1,1,4184977
BRDA:300,0,0,0
BRDA:300,0,1,4192767
BRDA:305,9999,0,4192750
BRDA:305,9999,1,17
BRDA:305,0,2,3998771
BRDA:305,0,3,193979
BRDA:306,0,0,7773
BRDA:306,0,1,3990998
BRDA:326,9999,0,7710
BRDA:326,9999,1,0
BRDA:357,0,0,4186059
BRDA:357,0,1,0
BRDA:363,0,0,0
BRDA:363,0,1,4186059
BRDA:363,1,2,-
BRDA:363,1,3,-
BRDA:369,0,0,4185104
BRDA:369,0,1,955
BRDA:371,0,0,4185104
BRDA:371,0,1,955
BRDA:379,9999,0,193968
BRDA:379,9999,1,3991136
BRDA:385,0,0,0
BRDA:385,0,1,4185104
BRDA:386,0,0,0
BRDA:386,0,1,4185104
BRDA:391,0,0,955
BRDA:391,0,1,0
BRDA:401,2,1,5260668
BRDA:401,2,2,4186011
BRDA:410,0,0,2501928
BRDA:410,0,1,2758740
BRDA:414,0,0,2760762
BRDA:414,0,1,2499858
BRDA:415,0,0,2024
BRDA:415,0,1,2758738
BRDA:415,1,2,2024
BRDA:415,1,3,0
BRDA:422,0,0,4185057
BRDA:422,0,1,954
BRDA:436,0,0,53
BRDA:436,0,1,8
BRDA:437,0,0,8
BRDA:437,0,1,53
BRDA:439,0,1,60
BRDA:439,0,2,1
BRDA:440,0,0,52
BRDA:440,0,1,8
BRDA:441,0,0,8
BRDA:441,0,1,52
BRDA:442,0,0,0
BRDA:442,0,1,60
BRDA:443,0,0,0
BRDA:443,0,1,60
BRDA:452,1,0,4185104
BRDA:452,1,1,0
BRDA:453,0,0,4185104
BRDA:453,0,1,0
BRF:138
BRH:78
DA:63,131
DA:67,131
DA:68,131
DA:69,131
DA:70,131
DA:71,131
DA:72,131
DA:73,131
DA:74,131
DA:75,131
DA:76,131
DA:77,131
DA:78,131
DA:81,1077709
DA:82,1077578
DA:86,0
DA:87,0
DA:88,0
DA:89,131
DA:95,0
DA:96,0
DA:106,0
DA:109,0
DA:110,0
DA:113,0
DA:114,0
DA:115,0
DA:119,0
DA:120,0
DA:124,0
DA:126,0
DA:127,0
DA:128,0
DA:129,0
DA:131,0
DA:132,0
DA:133,0
DA:135,2756811
DA:138,2756811
DA:139,0
DA:140,0
DA:142,2756811
DA:144,2756811
DA:146,2756811
DA:147,2756811
DA:148,2756811
DA:149,2756811
DA:150,2756811
DA:151,2756811
DA:155,2756665
DA:157,2756665
DA:158,2756665
DA:160,2756665
DA:161,2756444
DA:162,2756444
DA:166,282
DA:167,282
DA:168,256
DA:173,203966
DA:174,203966
DA:175,203966
DA:177,203966
DA:180,8385712
DA:184,8385712
DA:185,8385712
DA:186,8385712
DA:187,8385712
DA:189,7841
DA:192,7841
DA:193,7841
DA:194,7841
DA:195,7841
DA:196,766
DA:197,766
DA:199,7841
DA:200,7841
DA:201,7841
DA:203,131
DA:207,131
DA:210,131
DA:211,131
DA:212,131
DA:213,131
DA:214,131
DA:215,131
DA:216,131
DA:217,131
DA:218,131
DA:219,131
DA:222,0
DA:224,0
DA:226,0
DA:227,0
DA:228,0
DA:229,0
DA:230,0
DA:232,0
DA:233,0
DA:234,0
DA:235,0
DA:236,0
DA:238,0
DA:239,0
DA:255,0
DA:257,4185104
DA:258,4185104
DA:260,8370208
DA:261,4185104
DA:262,0
DA:263,0
DA:264,4185104
DA:265,4185104
DA:267,0
DA:271,4185057
DA:272,4185057
DA:275,4185057
DA:285,4185057
DA:286,0
DA:287,0
DA:288,0
DA:289,0
DA:292,4185057
DA:294,4185057
DA:295,4185057
DA:296,8377744
DA:300,4192767
DA:301,0
DA:302,0
DA:304,4192767
DA:305,4192767
DA:306,3998771
DA:307,7710
DA:310,7790
DA:311,7790
DA:312,7710
DA:326,7710
DA:327,7710
DA:329,0
DA:331,7710
DA:333,4192687
DA:336,4184977
DA:352,4186059
DA:354,4186059
DA:357,4186059
DA:363,4186059
DA:364,0
DA:366,4186059
DA:369,4186059
DA:371,4186059
DA:376,4185104
DA:377,4185104
DA:378,4185104
DA:379,4185104
DA:380,193968
DA:381,193968
DA:383,3991136
DA:385,4185104
DA:386,4185104
DA:391,955
DA:392,955
DA:393,955
DA:400,4186059
DA:401,9446679
DA:402,5260668
DA:403,5260668
DA:404,5260668
DA:405,5260668
DA:410,5260668
DA:411,2501928
DA:412,2501928
DA:414,5260620
DA:415,2760762
DA:416,2760762
DA:418,5260620
DA:422,4186011
DA:423,4185057
DA:425,4185931
DA:430,61
DA:432,61
DA:435,61
DA:436,61
DA:437,61
DA:439,61
DA:440,60
DA:441,60
DA:442,60
DA:443,60
DA:444,61
DA:450,127
DA:451,127
DA:452,4185104
DA:453,4185104
DA:454,4185104
DA:455,4185104
DA:457,0
DA:459,9672
DA:460,9672
DA:463,127
DA:464,127
DA:465,127
LF:200
LH:150
end_of_record
SF:/var/lib/jenkins/jobs/redis-lcov/workspace/src/ae_epoll.c
FN:39,aeApiCreate
FN:58,aeApiResize
FN:65,aeApiFree
FN:73,aeApiAddEvent
FN:91,aeApiDelEvent
FN:110,aeApiPoll
FNDA:0,aeApiCreate
FNDA:0,aeApiResize
FNDA:0,aeApiFree
FNDA:0,aeApiAddEvent
FNDA:0,aeApiDelEvent
FNDA:4186059,aeApiPoll
FNF:6
FNH:1
BRDA:42,9999,0,131
BRDA:42,9999,1,0
BRDA:42,9999,2,-
BRDA:42,9999,3,-
BRDA:44,9999,0,0
BRDA:44,9999,1,131
BRDA:44,9999,2,-
BRDA:44,9999,3,-
BRDA:49,9999,0,0
BRDA:49,9999,1,131
BRDA:49,9999,2,-
BRDA:49,9999,3,-
BRDA:79,0,0,2756119
BRDA:79,0,1,692
BRDA:79,2,2,-
BRDA:79,2,3,-
BRDA:83,0,0,2756811
BRDA:83,0,1,0
BRDA:83,2,2,-
BRDA:83,2,3,-
BRDA:84,0,0,2756141
BRDA:84,0,1,670
BRDA:84,2,2,-
BRDA:84,2,3,-
BRDA:87,0,1,2756811
BRDA:87,0,2,0
BRDA:87,2,4,-
BRDA:87,2,5,-
BRDA:97,0,0,2756149
BRDA:97,0,1,295
BRDA:97,2,2,-
BRDA:97,2,3,-
BRDA:98,0,0,15
BRDA:98,0,1,2756429
BRDA:98,2,2,-
BRDA:98,2,3,-
BRDA:101,0,0,2756164
BRDA:101,0,1,280
BRDA:101,1,2,-
BRDA:101,1,3,-
BRDA:114,0,0,4186059
BRDA:114,0,1,0
BRDA:116,9999,0,4180433
BRDA:116,9999,1,5626
BRDA:120,1,0,5260670
BRDA:120,1,1,4180433
BRDA:124,0,0,2501932
BRDA:124,0,1,2758738
BRDA:125,0,0,2760763
BRDA:125,0,1,2499907
BRDA:126,0,0,20
BRDA:126,0,1,5260650
BRDA:127,0,0,17
BRDA:127,0,1,5260653
BRF:54
BRH:28
DA:39,0
DA:40,131
DA:42,131
DA:43,131
DA:44,131
DA:45,0
DA:46,0
DA:48,131
DA:49,131
DA:50,0
DA:51,0
DA:52,0
DA:54,131
DA:55,0
DA:58,0
DA:59,0
DA:61,0
DA:62,0
DA:65,0
DA:66,0
DA:68,0
DA:69,0
DA:70,0
DA:71,0
DA:73,0
DA:74,2756811
DA:78,5513622
DA:79,2756811
DA:81,2756811
DA:82,2756811
DA:83,2756811
DA:84,2756811
DA:85,2756811
DA:86,2756811
DA:87,2756811
DA:88,0
DA:91,0
DA:92,2756444
DA:94,2756444
DA:96,2756444
DA:97,2756444
DA:98,2756444
DA:99,2756444
DA:100,2756444
DA:101,2756444
DA:102,2756164
DA:106,2756665
DA:108,0
DA:110,4186059
DA:111,4186059
DA:112,4186059
DA:114,4186059
DA:115,8372118
DA:116,4186059
DA:120,9441103
DA:121,5260670
DA:122,5260670
DA:124,5260670
DA:125,5260670
DA:126,5260670
DA:127,5260670
DA:128,5260670
DA:129,5260670
DA:132,4186059
LF:64
LH:43
end_of_record
TN:
SF:/usr/include/x86_64-linux-gnu/bits/stdio2.h
DA:105,0
LF:1
LH:0
end_of_record
SF:/usr/include/x86_64-linux-gnu/bits/string3.h
DA:52,448618
DA:58,38479
LF:2
LH:2
end_of_record
SF:/var/lib/jenkins/jobs/redis-lcov/workspace/src/ziplist.c
FN:174,zipEntry
FN:174,ziplistFind
FN:174,__ziplistInsert
FN:174,zipRawEntryLength
FN:188,zipEncodeLength
FN:252,zipPrevEncodeLength
FN:271,__ziplistCascadeUpdate
FN:302,zipPrevLenByteDiff
FN:304,__ziplistDelete
FN:318,zipTryEncoding
FN:345,zipSaveInteger
FN:375,zipLoadInteger
FN:418,ziplistNew
FN:429,ziplistResize
FN:668,ziplistPush
FN:677,ziplistIndex
FN:705,ziplistNext
FN:724,ziplistPrev
FN:746,ziplistGet
FN:766,ziplistInsert
FN:773,ziplistDelete
FN:786,ziplistDeleteRange
FN:792,ziplistCompare
FN:879,ziplistLen
FN:897,ziplistBlobLen
FN:901,ziplistRepr
FNDA:924182,zipEncodeLength
FNDA:1115215,zipPrevEncodeLength
FNDA:0,zipPrevLenByteDiff
FNDA:7682250,zipRawEntryLength
FNDA:2599905,zipTryEncoding
FNDA:302022,zipSaveInteger
FNDA:4500541,zipLoadInteger
FNDA:3634506,zipEntry
FNDA:176442,ziplistNew
FNDA:592278,ziplistResize
FNDA:99,__ziplistCascadeUpdate
FNDA:130740,__ziplistDelete
FNDA:462091,__ziplistInsert
FNDA:419307,ziplistPush
FNDA:620373,ziplistIndex
FNDA:5573687,ziplistNext
FNDA:672,ziplistPrev
FNDA:1015487,ziplistGet
FNDA:42784,ziplistInsert
FNDA:128709,ziplistDelete
FNDA:2032,ziplistDeleteRange
FNDA:2202288,ziplistCompare
FNDA:101514,ziplistFind
FNDA:600343,ziplistLen
FNDA:83639,ziplistBlobLen
FNDA:0,ziplistRepr
FNF:26
FNH:24
BRDA:174,0,0,12830
BRDA:174,0,1,9146
BRDA:174,0,2,2057745
BRDA:174,0,3,1901108
BRDA:174,0,4,59093
BRDA:174,0,5,14133
BRDA:174,6,6,67936
BRDA:174,6,7,11633
BRDA:174,6,8,76291
BRDA:174,6,9,131965
BRDA:174,6,10,2215
BRDA:174,6,11,11982
BRDA:174,12,12,269373
BRDA:174,12,13,23052
BRDA:174,12,14,200369
BRDA:174,12,15,307493
BRDA:174,12,16,214751
BRDA:174,12,17,1856672
BRDA:174,18,18,512876
BRDA:174,18,19,37093
BRDA:174,18,20,483614
BRDA:174,18,21,824580
BRDA:174,18,22,305398
BRDA:174,18,23,2188892
BRDA:191,0,0,320138
BRDA:191,0,1,604044
BRDA:194,0,0,299140
BRDA:194,0,1,20998
BRDA:195,0,0,149570
BRDA:195,0,1,149570
BRDA:197,0,0,20496
BRDA:197,0,1,502
BRDA:199,0,0,10248
BRDA:199,0,1,10248
BRDA:204,0,0,251
BRDA:204,0,1,251
BRDA:213,0,0,302022
BRDA:213,0,1,302022
BRDA:253,0,0,557608
BRDA:253,0,1,557607
BRDA:254,0,0,546
BRDA:254,0,1,557062
BRDA:256,0,0,557061
BRDA:256,0,1,546
BRDA:271,0,0,-
BRDA:271,0,1,-
BRDA:304,0,0,10
BRDA:304,0,1,56929
BRDA:304,2,2,0
BRDA:304,2,3,38479
BRDA:304,4,4,-
BRDA:304,4,5,-
BRDA:311,0,0,38212
BRDA:311,0,1,7644038
BRDA:312,0,0,3329797
BRDA:312,0,1,4352453
BRDA:312,2,2,3329797
BRDA:312,2,3,4352453
BRDA:312,3,4,3063399
BRDA:312,3,5,266398
BRDA:312,5,6,239022
BRDA:312,5,7,27376
BRDA:312,7,8,27376
BRDA:312,7,9,0
BRDA:321,0,0,2572458
BRDA:321,0,1,27447
BRDA:322,0,1,2390975
BRDA:322,0,2,181483
BRDA:325,0,0,203837
BRDA:325,0,1,2187138
BRDA:327,0,0,1746728
BRDA:327,0,1,440410
BRDA:329,0,0,96923
BRDA:329,0,1,343487
BRDA:331,0,0,11972
BRDA:331,0,1,331515
BRDA:333,0,0,132032
BRDA:333,0,1,199483
BRDA:349,0,0,11982
BRDA:349,0,1,290040
BRDA:351,0,0,67936
BRDA:351,0,1,222104
BRDA:355,0,0,11633
BRDA:355,0,1,210471
BRDA:359,0,0,76291
BRDA:359,0,1,134180
BRDA:363,0,0,131965
BRDA:363,0,1,2215
BRDA:367,0,0,0
BRDA:367,0,1,2215
BRDA:379,0,0,1784216
BRDA:379,0,1,2716325
BRDA:381,0,0,130985
BRDA:381,0,1,2585340
BRDA:385,0,0,1179005
BRDA:385,0,1,1406335
BRDA:389,0,0,21354
BRDA:389,0,1,1384981
BRDA:394,0,0,1176692
BRDA:394,0,1,208289
BRDA:398,0,0,208289
BRDA:398,0,1,0
BRDA:410,0,0,3633782
BRDA:410,0,1,724
BRDA:410,3,2,3633782
BRDA:410,3,3,724
BRDA:410,5,4,724
BRDA:410,5,5,0
BRDA:411,0,0,762796
BRDA:411,0,1,2871710
BRDA:411,2,2,762796
BRDA:411,2,3,2871710
BRDA:411,3,4,745780
BRDA:411,3,5,17016
BRDA:411,5,6,16765
BRDA:411,5,7,251
BRDA:411,7,8,251
BRDA:411,7,9,0
BRDA:462,1,0,99
BRDA:462,1,1,0
BRDA:468,9999,0,98
BRDA:468,9999,1,1
BRDA:472,9999,0,98
BRDA:472,9999,1,0
BRDA:474,0,0,0
BRDA:474,0,1,98
BRDA:487,9999,0,-
BRDA:487,9999,1,-
BRDA:502,0,0,0
BRDA:502,0,1,98
BRDA:525,0,0,149209
BRDA:525,0,1,130740
BRDA:531,0,0,130187
BRDA:531,0,1,553
BRDA:532,0,0,38479
BRDA:532,0,1,91708
BRDA:549,9999,0,4715
BRDA:549,9999,1,33764
BRDA:566,9999,0,130187
BRDA:566,9999,1,0
BRDA:571,0,0,0
BRDA:571,0,1,130187
BRDA:589,0,0,56939
BRDA:589,0,1,405152
BRDA:594,0,0,258622
BRDA:594,0,1,146530
BRDA:600,0,1,302022
BRDA:600,0,2,160069
BRDA:616,9999,0,56939
BRDA:616,9999,1,405152
BRDA:624,9999,0,56939
BRDA:624,9999,1,405152
BRDA:639,9999,0,47722
BRDA:639,9999,1,9217
BRDA:650,0,0,99
BRDA:650,0,1,461992
BRDA:659,9999,0,160069
BRDA:659,9999,1,302022
BRDA:664,0,0,462091
BRDA:664,0,1,0
BRDA:670,0,0,89149
BRDA:670,0,1,330158
BRDA:680,0,0,12519
BRDA:680,0,1,607854
BRDA:683,0,0,12519
BRDA:683,0,1,0
BRDA:685,0,0,132551
BRDA:685,0,1,9094
BRDA:685,1,2,129126
BRDA:685,1,3,3425
BRDA:692,1,0,2150661
BRDA:692,1,1,166797
BRDA:692,2,2,1709604
BRDA:692,2,3,441057
BRDA:696,0,0,453576
BRDA:696,0,1,166797
BRDA:711,0,0,5564815
BRDA:711,0,1,8872
BRDA:716,9999,0,5326739
BRDA:716,9999,1,238076
BRDA:730,0,0,2
BRDA:730,0,1,670
BRDA:732,0,0,2
BRDA:732,0,1,0
BRDA:733,0,0,661
BRDA:733,0,1,9
BRDA:737,9999,0,0
BRDA:737,9999,1,661
BRDA:748,0,0,1015484
BRDA:748,0,1,3
BRDA:748,1,2,1015484
BRDA:748,1,3,0
BRDA:749,0,0,1015484
BRDA:749,0,1,0
BRDA:752,9999,0,568021
BRDA:752,9999,1,447463
BRDA:753,0,0,568021
BRDA:753,0,1,0
BRDA:758,0,0,447463
BRDA:758,0,1,0
BRDA:788,9999,0,2031
BRDA:788,9999,1,1
BRDA:796,0,0,2193422
BRDA:796,0,1,8866
BRDA:799,9999,0,108338
BRDA:799,9999,1,2085084
BRDA:801,0,0,15027
BRDA:801,0,1,93311
BRDA:809,0,1,2045365
BRDA:809,0,2,39719
BRDA:824,1,0,9316200
BRDA:824,1,1,20768
BRDA:828,0,0,0
BRDA:828,0,1,9316200
BRDA:829,0,0,5262145
BRDA:829,0,1,4054055
BRDA:829,2,2,5262145
BRDA:829,2,3,4054055
BRDA:829,3,4,5262076
BRDA:829,3,5,69
BRDA:829,5,6,69
BRDA:829,5,7,0
BRDA:829,7,8,-
BRDA:829,7,9,-
BRDA:832,0,0,4698473
BRDA:832,0,1,4617727
BRDA:834,0,0,2654563
BRDA:834,0,1,2043910
BRDA:835,0,0,216040
BRDA:835,0,1,2438523
BRDA:835,1,2,168932
BRDA:835,1,3,47108
BRDA:842,0,0,52730
BRDA:842,0,1,1991180
BRDA:843,0,1,9142
BRDA:843,0,2,43588
BRDA:850,0,0,0
BRDA:850,0,1,52730
BRDA:856,0,0,2007713
BRDA:856,0,1,36197
BRDA:858,9999,0,1974075
BRDA:858,9999,1,33638
BRDA:881,0,0,600343
BRDA:881,0,1,0
BRDA:885,1,0,-
BRDA:885,1,1,-
BRDA:891,0,0,-
BRDA:891,0,1,-
BRDA:914,0,0,-
BRDA:914,0,1,-
BRDA:936,9999,0,-
BRDA:936,9999,1,-
BRDA:937,0,0,-
BRDA:937,0,1,-
BRDA:938,0,1,-
BRDA:938,0,2,-
BRDA:941,0,0,-
BRDA:941,0,1,-
BRDA:941,0,2,-
BRDA:941,0,3,-
BRF:260
BRH:212
DA:174,11580240
DA:188,924182
DA:189,924182
DA:191,924182
DA:194,320138
DA:195,299140
DA:196,149570
DA:197,20998
DA:198,20496
DA:199,20496
DA:200,10248
DA:201,10248
DA:203,502
DA:204,502
DA:205,251
DA:206,251
DA:207,251
DA:208,251
DA:209,251
DA:213,604044
DA:214,302022
DA:218,462091
DA:219,924182
DA:252,1115215
DA:253,1115215
DA:254,557608
DA:256,557607
DA:257,557061
DA:258,557061
DA:260,546
DA:261,546
DA:263,1115215
DA:271,0
DA:272,0
DA:273,0
DA:302,0
DA:304,95418
DA:305,95418
DA:309,7682250
DA:311,7682250
DA:312,12034703
DA:313,7682250
DA:318,2599905
DA:321,2599905
DA:322,2572458
DA:325,2390975
DA:326,203837
DA:327,2187138
DA:328,1746728
DA:329,440410
DA:330,96923
DA:331,343487
DA:332,11972
DA:333,331515
DA:334,132032
DA:336,199483
DA:338,2390975
DA:339,2599905
DA:345,302022
DA:349,302022
DA:350,11982
DA:351,290040
DA:352,67936
DA:353,67936
DA:355,222104
DA:356,11633
DA:358,11633
DA:359,210471
DA:360,76291
DA:361,76291
DA:363,134180
DA:364,131965
DA:365,131965
DA:367,2215
DA:370,0
DA:372,302022
DA:375,4500541
DA:378,4500541
DA:379,4500541
DA:380,1784216
DA:381,2716325
DA:382,130985
DA:384,130985
DA:385,2585340
DA:386,1179005
DA:388,1179005
DA:389,1406335
DA:390,21354
DA:391,21354
DA:393,21354
DA:394,1384981
DA:395,1176692
DA:397,1176692
DA:398,208289
DA:399,208289
DA:401,0
DA:403,4500541
DA:407,3634506
DA:410,3634506
DA:411,6506216
DA:412,3634506
DA:413,3634506
DA:414,3634506
DA:418,176442
DA:419,176442
DA:420,176442
DA:421,176442
DA:422,176442
DA:423,176442
DA:424,176442
DA:425,176442
DA:429,592278
DA:430,592278
DA:431,592278
DA:432,592278
DA:433,592278
DA:456,99
DA:457,99
DA:462,99
DA:463,99
DA:464,99
DA:465,99
DA:468,99
DA:469,98
DA:472,98
DA:474,98
DA:477,0
DA:478,0
DA:479,0
DA:480,0
DA:483,0
DA:484,0
DA:487,0
DA:488,0
DA:489,0
DA:493,0
DA:495,0
DA:496,0
DA:499,0
DA:500,0
DA:502,98
DA:505,0
DA:507,98
DA:514,99
DA:518,130740
DA:519,130740
DA:521,130740
DA:524,130740
DA:525,279949
DA:526,149209
DA:527,149209
DA:530,130740
DA:531,130740
DA:532,130187
DA:537,38479
DA:538,38479
DA:539,38479
DA:542,38479
DA:543,38479
DA:548,38479
DA:549,38479
DA:550,4715
DA:551,4715
DA:555,38479
DA:556,38479
DA:559,91708
DA:560,91708
DA:564,130187
DA:565,130187
DA:566,130187
DA:567,130187
DA:571,130187
DA:572,0
DA:574,130740
DA:578,462091
DA:579,462091
DA:581,462091
DA:582,462091
DA:583,462091
DA:589,462091
DA:590,56939
DA:591,56939
DA:593,405152
DA:594,405152
DA:595,258622
DA:600,462091
DA:602,302022
DA:606,160069
DA:610,462091
DA:611,462091
DA:616,462091
DA:619,462091
DA:620,462091
DA:621,462091
DA:624,462091
DA:626,56939
DA:629,56939
DA:632,56939
DA:633,56939
DA:638,56939
DA:639,56939
DA:640,47722
DA:641,47722
DA:645,405152
DA:650,462091
DA:651,99
DA:652,99
DA:653,99
DA:657,462091
DA:658,462091
DA:659,462091
DA:660,160069
DA:662,302022
DA:664,462091
DA:665,462091
DA:668,419307
DA:670,419307
DA:671,419307
DA:677,620373
DA:680,620373
DA:681,12519
DA:682,12519
DA:683,12519
DA:684,12519
DA:685,141645
DA:686,129126
DA:687,129126
DA:691,607854
DA:692,2317458
DA:693,1709604
DA:696,620373
DA:705,5573687
DA:711,5573687
DA:715,5564815
DA:716,5564815
DA:720,5573687
DA:724,672
DA:730,672
DA:731,2
DA:732,2
DA:733,670
DA:736,661
DA:737,661
DA:738,672
DA:746,1015487
DA:748,1015487
DA:749,1015484
DA:751,1015484
DA:752,1015484
DA:753,568021
DA:754,568021
DA:755,568021
DA:758,447463
DA:759,1015487
DA:766,42784
DA:767,42784
DA:773,128709
DA:774,128709
DA:775,128709
DA:781,128709
DA:782,128709
DA:786,2032
DA:787,2032
DA:788,2032
DA:792,2202288
DA:796,2202288
DA:798,2193422
DA:799,2193422
DA:801,108338
DA:802,15027
DA:809,2085084
DA:810,2045365
DA:811,2202288
DA:819,101514
DA:820,101514
DA:821,101514
DA:822,101514
DA:824,9417714
DA:828,9316200
DA:829,13370255
DA:830,9316200
DA:832,9316200
DA:834,4698473
DA:835,2654563
DA:842,2043910
DA:843,52730
DA:847,9142
DA:850,52730
DA:856,2043910
DA:857,2007713
DA:858,2007713
DA:865,4617727
DA:868,4617727
DA:872,9235454
DA:879,600343
DA:880,600343
DA:881,600343
DA:882,600343
DA:884,0
DA:885,0
DA:886,0
DA:887,0
DA:891,0
DA:893,600343
DA:897,83639
DA:898,83639
DA:901,0
DA:903,0
DA:906,0
DA:911,0
DA:913,0
DA:914,0
DA:915,0
DA:916,0
DA:929,0
DA:935,0
DA:936,0
DA:937,0
DA:938,0
DA:939,0
DA:941,0
DA:942,0
DA:945,0
DA:947,0
DA:948,0
DA:949,0
DA:951,0
DA:952,0
LF:328
LH:279
end_of_record
TN:
SF:/var/lib/jenkins/jobs/redis-lcov/workspace/src/sds.h
DA:48,220251
DA:49,220251
LF:2
LH:2
end_of_record
SF:/var/lib/jenkins/jobs/redis-lcov/workspace/src/t_list.c
FN:41,listTypeTryConversion
FN:53,listTypePush
FN:77,listTypePop
FN:114,listTypeLength
FN:125,listTypeInitIterator
FN:141,listTypeReleaseIterator
FN:142,listTypeConvert
FN:142,lremCommand
FN:142,pushxGenericCommand
FN:148,listTypeNext
FN:178,listTypeGet
FN:203,listTypeInsert
FN:234,listTypeEqual
FN:247,listTypeDelete
FN:297,pushGenericCommand
FN:328,lpushCommand
FN:332,rpushCommand
FN:390,lpushxCommand
FN:395,rpushxCommand
FN:400,linsertCommand
FN:411,llenCommand
FN:417,lindexCommand
FN:456,lsetCommand
FN:499,popGenericCommand
FN:522,lpopCommand
FN:526,rpopCommand
FN:530,lrangeCommand
FN:589,ltrimCommand
FN:707,rpoplpushHandlePush
FN:721,rpoplpushCommand
FN:781,blockForKeys
FN:818,unblockClientWaitingData
FN:858,signalListAsReady
FN:900,serveClientBlockedOnList
FN:960,handleClientsBlockedOnLists
FN:1039,getTimeoutFromObjectOrReply
FN:1058,blockingPopGenericCommand
FN:1114,blpopCommand
FN:1118,brpopCommand
FN:1122,brpoplpushCommand
FNDA:341226,listTypeTryConversion
FNDA:341200,listTypePush
FNDA:24546,listTypePop
FNDA:264191,listTypeLength
FNDA:76850,listTypeInitIterator
FNDA:53465,listTypeReleaseIterator
FNDA:399878,listTypeNext
FNDA:301573,listTypeGet
FNDA:14,listTypeInsert
FNDA:21477,listTypeEqual
FNDA:10943,listTypeDelete
FNDA:11926,listTypeConvert
FNDA:219295,pushGenericCommand
FNDA:132041,lpushCommand
FNDA:87254,rpushCommand
FNDA:30,pushxGenericCommand
FNDA:5,lpushxCommand
FNDA:5,rpushxCommand
FNDA:21,linsertCommand
FNDA:2248,llenCommand
FNDA:45971,lindexCommand
FNDA:8,lsetCommand
FNDA:24475,popGenericCommand
FNDA:12298,lpopCommand
FNDA:12177,rpopCommand
FNDA:2124,lrangeCommand
FNDA:2028,ltrimCommand
FNDA:11439,lremCommand
FNDA:33,rpoplpushHandlePush
FNDA:25,rpoplpushCommand
FNDA:38,blockForKeys
FNDA:38,unblockClientWaitingData
FNDA:55451,signalListAsReady
FNDA:34,serveClientBlockedOnList
FNDA:31,handleClientsBlockedOnLists
FNDA:78,getTimeoutFromObjectOrReply
FNDA:51,blockingPopGenericCommand
FNDA:32,blpopCommand
FNDA:19,brpopCommand
FNDA:27,brpoplpushCommand
FNF:40
FNH:40
BRDA:42,0,0,167876
BRDA:42,0,1,173350
BRDA:43,0,0,43922
BRDA:43,0,1,123954
BRDA:43,1,2,10497
BRDA:43,1,3,33425
BRDA:56,9999,0,157365
BRDA:56,9999,1,183835
BRDA:56,9999,2,145
BRDA:56,9999,3,157220
BRDA:60,0,0,157220
BRDA:60,0,1,183980
BRDA:65,0,0,183980
BRDA:65,0,1,0
BRDA:66,0,0,42936
BRDA:66,0,1,141044
BRDA:79,0,0,19546
BRDA:79,0,1,5000
BRDA:84,0,0,9739
BRDA:84,0,1,9807
BRDA:86,9999,1,19546
BRDA:86,9999,2,0
BRDA:87,0,0,1406
BRDA:87,0,1,18140
BRDA:95,0,0,5000
BRDA:95,0,1,0
BRDA:98,0,0,2514
BRDA:98,0,1,2486
BRDA:103,0,0,5000
BRDA:103,0,1,0
BRDA:115,0,0,173345
BRDA:115,0,1,90846
BRDA:117,0,0,90846
BRDA:117,0,1,0
BRDA:130,9999,0,63988
BRDA:130,9999,1,12862
BRDA:132,0,0,12862
BRDA:132,0,1,0
BRDA:150,0,0,0
BRDA:150,0,1,399878
BRDA:153,0,0,224435
BRDA:153,0,1,175443
BRDA:155,0,0,160458
BRDA:155,0,1,63977
BRDA:156,0,0,160452
BRDA:156,0,1,6
BRDA:162,0,0,175443
BRDA:162,0,1,0
BRDA:164,0,0,162592
BRDA:164,0,1,12851
BRDA:165,0,0,162586
BRDA:165,0,1,6
BRDA:181,0,0,141358
BRDA:181,0,1,160215
BRDA:185,0,0,0
BRDA:185,0,1,141358
BRDA:186,0,1,141358
BRDA:186,0,2,0
BRDA:187,0,0,30184
BRDA:187,0,1,111174
BRDA:193,0,0,160215
BRDA:193,0,1,0
BRDA:194,0,0,0
BRDA:194,0,1,160215
BRDA:205,0,0,7
BRDA:205,0,1,7
BRDA:207,9999,0,3
BRDA:207,9999,1,4
BRDA:212,9999,0,1
BRDA:212,9999,1,2
BRDA:221,0,0,7
BRDA:221,0,1,0
BRDA:222,0,0,3
BRDA:222,0,1,4
BRDA:236,0,0,19100
BRDA:236,0,1,2377
BRDA:237,0,0,0
BRDA:237,0,1,19100
BRDA:239,0,0,2377
BRDA:239,0,1,0
BRDA:249,0,0,8873
BRDA:249,0,1,2070
BRDA:254,9999,0,8870
BRDA:254,9999,1,3
BRDA:258,0,0,2070
BRDA:258,0,1,0
BRDA:260,0,0,2067
BRDA:260,0,1,3
BRDA:274,0,0,0
BRDA:274,0,1,11926
BRDA:276,0,0,11926
BRDA:276,0,1,0
BRDA:282,1,3,54666
BRDA:282,1,4,11926
BRDA:302,9999,0,163863
BRDA:302,9999,1,55432
BRDA:302,0,2,4
BRDA:302,0,3,163859
BRDA:307,0,0,55432
BRDA:307,0,1,163859
BRDA:309,0,0,341100
BRDA:309,0,1,219291
BRDA:311,9999,0,55432
BRDA:311,9999,1,285668
BRDA:318,0,0,219291
BRDA:318,0,1,0
BRDA:319,9999,0,219291
BRDA:319,9999,1,0
BRDA:320,0,0,87253
BRDA:320,0,1,132038
BRDA:342,0,1,28
BRDA:342,0,2,2
BRDA:342,0,3,28
BRDA:342,0,4,0
BRDA:345,0,0,20
BRDA:345,0,1,8
BRDA:355,0,1,576
BRDA:355,0,2,6
BRDA:356,0,1,14
BRDA:356,0,2,562
BRDA:364,9999,0,14
BRDA:364,9999,1,6
BRDA:366,0,0,7
BRDA:366,0,1,7
BRDA:366,0,2,2
BRDA:366,0,3,5
BRDA:379,0,0,4
BRDA:379,0,1,4
BRDA:402,9999,1,9
BRDA:402,9999,2,12
BRDA:404,0,1,11
BRDA:404,0,2,1
BRDA:413,9999,0,2238
BRDA:413,9999,1,10
BRDA:413,0,3,2237
BRDA:413,0,4,1
BRDA:419,9999,0,45969
BRDA:419,9999,1,2
BRDA:419,0,3,45968
BRDA:419,0,4,1
BRDA:423,0,1,45968
BRDA:423,0,2,0
BRDA:426,0,0,19001
BRDA:426,0,1,26967
BRDA:432,9999,1,19000
BRDA:432,9999,2,1
BRDA:433,0,0,4055
BRDA:433,0,1,14945
BRDA:443,0,0,26967
BRDA:443,0,1,0
BRDA:445,9999,0,26965
BRDA:445,9999,1,2
BRDA:458,9999,0,7
BRDA:458,9999,1,1
BRDA:458,0,3,6
BRDA:458,0,4,1
BRDA:462,9999,1,6
BRDA:462,9999,2,0
BRDA:466,9999,0,3
BRDA:466,9999,1,3
BRDA:469,9999,0,1
BRDA:469,9999,1,2
BRDA:481,0,0,3
BRDA:481,0,1,0
BRDA:483,9999,0,1
BRDA:483,9999,1,2
BRDA:501,9999,0,24470
BRDA:501,9999,1,5
BRDA:501,0,3,24468
BRDA:501,0,4,2
BRDA:504,9999,0,0
BRDA:504,9999,1,24468
BRDA:507,0,0,12174
BRDA:507,0,1,12294
BRDA:512,9999,1,22421
BRDA:512,9999,2,2047
BRDA:534,0,1,2124
BRDA:534,0,2,0
BRDA:534,0,3,2124
BRDA:534,0,4,0
BRDA:537,0,1,2117
BRDA:537,0,2,7
BRDA:538,0,1,2117
BRDA:538,0,2,0
BRDA:542,9999,0,4
BRDA:542,9999,1,2113
BRDA:543,0,0,2101
BRDA:543,0,1,16
BRDA:544,0,0,2
BRDA:544,0,1,2115
BRDA:548,0,0,2113
BRDA:548,0,1,4
BRDA:548,1,2,0
BRDA:548,1,3,2113
BRDA:552,0,0,10
BRDA:552,0,1,2103
BRDA:557,9999,0,1074
BRDA:557,9999,1,1039
BRDA:563,0,0,11878
BRDA:563,0,1,1074
BRDA:565,9999,0,210
BRDA:565,9999,1,11668
BRDA:572,0,0,1039
BRDA:572,0,1,0
BRDA:577,0,0,1
BRDA:577,0,1,1038
BRDA:580,0,0,11193
BRDA:580,0,1,1039
BRDA:595,0,1,2028
BRDA:595,0,2,0
BRDA:595,0,3,2028
BRDA:595,0,4,0
BRDA:598,0,1,2028
BRDA:598,0,2,0
BRDA:598,0,3,2028
BRDA:598,0,4,0
BRDA:603,9999,0,8
BRDA:603,9999,1,2020
BRDA:604,0,0,14
BRDA:604,0,1,2014
BRDA:605,0,0,2
BRDA:605,0,1,2026
BRDA:609,0,0,2026
BRDA:609,0,1,2
BRDA:609,1,2,2026
BRDA:609,1,3,0
BRDA:614,0,0,946
BRDA:614,0,1,1080
BRDA:620,0,0,1014
BRDA:620,0,1,1014
BRDA:623,0,0,1014
BRDA:623,0,1,0
BRDA:625,1,0,15233
BRDA:625,1,1,1014
BRDA:629,0,0,5758
BRDA:629,0,1,1014
BRDA:638,9999,1,2
BRDA:638,9999,2,2026
BRDA:654,9999,1,11439
BRDA:654,9999,2,0
BRDA:658,9999,0,11439
BRDA:658,9999,1,0
BRDA:658,0,3,11439
BRDA:658,0,4,0
BRDA:661,0,0,9263
BRDA:661,0,1,2176
BRDA:665,0,0,4
BRDA:665,0,1,11435
BRDA:672,0,1,20901
BRDA:672,0,2,11431
BRDA:673,0,1,10943
BRDA:673,0,2,9958
BRDA:677,9999,0,10
BRDA:677,9999,1,10933
BRDA:677,0,2,2
BRDA:677,0,3,8
BRDA:683,9999,0,9263
BRDA:683,9999,1,2176
BRDA:686,0,1,10929
BRDA:686,0,2,510
BRDA:688,9999,0,10939
BRDA:688,9999,1,500
BRDA:709,0,0,19
BRDA:709,0,1,14
BRDA:723,0,1,23
BRDA:723,0,2,2
BRDA:723,0,3,22
BRDA:723,0,4,1
BRDA:726,0,1,0
BRDA:726,0,2,22
BRDA:734,9999,0,15
BRDA:734,9999,1,7
BRDA:734,0,3,13
BRDA:734,0,4,2
BRDA:747,9999,1,1
BRDA:747,9999,2,19
BRDA:789,0,0,18
BRDA:789,0,1,20
BRDA:791,1,0,50
BRDA:791,1,1,38
BRDA:793,0,1,4
BRDA:793,0,2,46
BRDA:798,9999,0,45
BRDA:798,9999,1,1
BRDA:805,9999,0,0
BRDA:805,9999,1,45
BRDA:823,0,0,0
BRDA:823,0,1,38
BRDA:826,0,1,46
BRDA:826,0,2,38
BRDA:831,9999,0,0
BRDA:831,9999,1,46
BRDA:834,9999,0,1
BRDA:834,9999,1,45
BRDA:841,9999,0,18
BRDA:841,9999,1,20
BRDA:862,0,1,35
BRDA:862,0,2,55416
BRDA:865,0,1,35
BRDA:865,0,2,0
BRDA:878,9999,1,0
BRDA:878,9999,2,35
BRDA:904,0,0,18
BRDA:904,0,1,16
BRDA:906,0,0,13
BRDA:906,0,1,5
BRDA:909,0,0,13
BRDA:909,0,1,5
BRDA:921,9999,0,4
BRDA:921,9999,1,12
BRDA:921,9999,2,1
BRDA:921,9999,3,3
BRDA:961,1,0,35
BRDA:961,1,1,31
BRDA:971,0,0,35
BRDA:971,0,1,35
BRDA:982,9999,0,34
BRDA:982,9999,1,1
BRDA:982,0,2,33
BRDA:982,0,3,1
BRDA:988,9999,0,33
BRDA:988,9999,1,0
BRDA:992,1,0,34
BRDA:992,1,1,33
BRDA:996,0,0,34
BRDA:996,0,1,0
BRDA:998,0,0,13
BRDA:998,0,1,21
BRDA:1001,9999,0,34
BRDA:1001,9999,1,0
BRDA:1005,0,0,16
BRDA:1005,0,1,18
BRDA:1008,9999,1,3
BRDA:1008,9999,2,31
BRDA:1017,0,0,16
BRDA:1017,0,1,18
BRDA:1025,0,1,27
BRDA:1025,0,2,6
BRDA:1042,0,1,76
BRDA:1042,0,2,2
BRDA:1046,0,0,2
BRDA:1046,0,1,74
BRDA:1051,0,0,38
BRDA:1051,0,1,36
BRDA:1063,0,1,47
BRDA:1063,0,2,4
BRDA:1066,1,0,66
BRDA:1066,1,1,21
BRDA:1068,9999,0,26
BRDA:1068,9999,1,40
BRDA:1069,0,0,2
BRDA:1069,0,1,24
BRDA:1073,0,1,24
BRDA:1073,0,2,0
BRDA:1075,0,0,10
BRDA:1075,0,1,14
BRDA:1077,9999,0,0
BRDA:1077,9999,1,24
BRDA:1085,9999,1,3
BRDA:1085,9999,2,21
BRDA:1094,9999,0,14
BRDA:1094,9999,1,10
BRDA:1105,0,0,1
BRDA:1105,0,1,20
BRDA:1125,0,1,27
BRDA:1125,0,2,0
BRDA:1130,9999,0,19
BRDA:1130,9999,1,8
BRDA:1131,0,0,1
BRDA:1131,0,1,18
BRDA:1140,0,0,1
BRDA:1140,0,1,7
BRDA:1145,0,1,0
BRDA:1145,0,2,7
BRF:374
BRH:321
DA:41,341226
DA:42,509102
DA:43,167876
DA:44,87844
DA:45,10497
DA:53,341200
DA:55,341200
DA:56,498565
DA:57,157365
DA:58,145
DA:60,341200
DA:61,157220
DA:62,157220
DA:63,157220
DA:64,157220
DA:65,183980
DA:66,183980
DA:67,42936
DA:69,141044
DA:71,183980
DA:73,0
DA:75,341200
DA:77,24546
DA:78,24546
DA:79,24546
DA:84,19546
DA:85,19546
DA:86,19546
DA:87,19546
DA:88,1406
DA:90,18140
DA:93,19546
DA:95,5000
DA:96,5000
DA:98,5000
DA:99,2514
DA:101,2486
DA:103,5000
DA:104,5000
DA:105,5000
DA:106,5000
DA:109,0
DA:111,24546
DA:114,264191
DA:115,264191
DA:116,173345
DA:117,90846
DA:118,90846
DA:120,264191
DA:125,76850
DA:126,76850
DA:127,76850
DA:128,76850
DA:129,76850
DA:130,76850
DA:131,63988
DA:132,12862
DA:133,12862
DA:135,0
DA:137,76850
DA:141,53465
DA:142,76850
DA:143,53465
DA:148,399878
DA:150,399878
DA:152,399878
DA:153,399878
DA:154,224435
DA:155,224435
DA:156,160458
DA:157,160452
DA:159,6
DA:162,175443
DA:163,175443
DA:164,175443
DA:165,162592
DA:166,162586
DA:168,6
DA:172,399878
DA:178,301573
DA:179,301573
DA:180,301573
DA:181,301573
DA:185,141358
DA:186,141358
DA:187,141358
DA:188,30184
DA:190,111174
DA:193,160215
DA:194,160215
DA:195,160215
DA:196,160215
DA:198,0
DA:200,301573
DA:203,14
DA:204,14
DA:205,14
DA:206,7
DA:207,7
DA:208,3
DA:212,3
DA:213,1
DA:215,2
DA:218,4
DA:220,7
DA:221,7
DA:222,7
DA:223,3
DA:225,4
DA:227,7
DA:229,0
DA:231,14
DA:234,21477
DA:235,21477
DA:236,21477
DA:237,19100
DA:238,19100
DA:239,2377
DA:240,2377
DA:242,21477
DA:247,10943
DA:248,10943
DA:249,10943
DA:250,8873
DA:251,8873
DA:254,8873
DA:255,8870
DA:257,3
DA:258,2070
DA:260,2070
DA:261,2067
DA:263,3
DA:264,2070
DA:265,2070
DA:267,0
DA:269,10943
DA:271,11926
DA:274,11926
DA:276,11926
DA:277,11926
DA:278,11926
DA:281,11926
DA:282,66592
DA:285,11926
DA:286,11926
DA:287,11926
DA:289,0
DA:291,11926
DA:297,219295
DA:298,219295
DA:299,219295
DA:300,219295
DA:302,219295
DA:303,4
DA:304,219295
DA:307,219291
DA:309,560391
DA:310,341100
DA:311,341100
DA:312,55432
DA:313,55432
DA:315,341100
DA:316,341100
DA:318,219291
DA:319,219291
DA:320,219291
DA:322,219291
DA:323,219291
DA:325,219291
DA:328,132041
DA:329,132041
DA:330,132041
DA:332,87254
DA:333,87254
DA:334,87254
DA:336,30
DA:340,30
DA:342,58
DA:343,28
DA:345,28
DA:351,20
DA:354,20
DA:355,582
DA:356,576
DA:357,14
DA:358,14
DA:359,576
DA:364,20
DA:366,21
DA:367,7
DA:368,2
DA:369,14
DA:370,14
DA:371,28
DA:372,14
DA:375,6
DA:376,6
DA:379,8
DA:381,8
DA:382,8
DA:383,8
DA:384,8
DA:387,30
DA:390,5
DA:391,5
DA:392,5
DA:393,5
DA:395,5
DA:396,5
DA:397,5
DA:398,5
DA:400,21
DA:401,21
DA:402,21
DA:403,9
DA:404,12
DA:405,11
DA:407,1
DA:409,21
DA:411,2248
DA:412,2248
DA:413,4485
DA:414,2237
DA:417,45971
DA:418,45971
DA:419,45971
DA:421,45968
DA:423,45968
DA:426,45968
DA:431,19001
DA:432,19001
DA:433,19000
DA:434,4055
DA:436,14945
DA:438,19000
DA:439,19000
DA:441,1
DA:443,26967
DA:444,26967
DA:445,26967
DA:446,26965
DA:447,26965
DA:449,2
DA:452,45971
DA:456,8
DA:457,8
DA:458,8
DA:460,6
DA:462,6
DA:465,6
DA:466,6
DA:467,3
DA:468,3
DA:469,3
DA:470,1
DA:472,2
DA:473,2
DA:474,2
DA:475,2
DA:476,2
DA:477,2
DA:478,2
DA:479,2
DA:481,3
DA:482,3
DA:483,3
DA:484,1
DA:486,2
DA:487,2
DA:488,2
DA:489,2
DA:490,2
DA:491,2
DA:492,2
DA:495,8
DA:499,24475
DA:500,24475
DA:501,48943
DA:503,24468
DA:504,24468
DA:505,0
DA:507,24468
DA:509,24468
DA:510,24468
DA:511,24468
DA:512,24468
DA:513,22421
DA:514,44842
DA:515,22421
DA:517,24468
DA:518,24468
DA:522,12298
DA:523,12298
DA:524,12298
DA:526,12177
DA:527,12177
DA:528,12177
DA:530,2124
DA:534,4248
DA:535,2124
DA:537,2124
DA:538,2117
DA:539,2117
DA:542,2117
DA:543,2117
DA:544,2117
DA:548,2117
DA:549,4
DA:550,2124
DA:552,2113
DA:553,2113
DA:556,2113
DA:557,2113
DA:558,1074
DA:563,12952
DA:564,11878
DA:565,11878
DA:566,210
DA:568,11668
DA:570,11878
DA:572,1039
DA:577,1039
DA:578,1039
DA:580,12232
DA:581,11193
DA:582,11193
DA:585,0
DA:589,2028
DA:595,4056
DA:596,2028
DA:598,4056
DA:599,2028
DA:600,2028
DA:603,2028
DA:604,2028
DA:605,2028
DA:609,2028
DA:614,2026
DA:615,2026
DA:616,2026
DA:620,2028
DA:621,1014
DA:622,1014
DA:623,1014
DA:624,1014
DA:625,16247
DA:626,15233
DA:627,15233
DA:629,6772
DA:630,5758
DA:631,5758
DA:634,0
DA:637,2028
DA:638,2028
DA:639,2
DA:640,2
DA:642,2028
DA:643,2028
DA:644,2028
DA:647,11439
DA:649,11439
DA:651,11439
DA:654,11439
DA:657,11439
DA:658,11439
DA:661,11439
DA:662,9263
DA:665,11439
DA:666,4
DA:667,11439
DA:669,11435
DA:672,32332
DA:673,20901
DA:674,10943
DA:675,10943
DA:676,10943
DA:677,22382
DA:683,11439
DA:684,9263
DA:686,11439
DA:687,11439
DA:688,11439
DA:707,33
DA:709,33
DA:710,19
DA:711,19
DA:712,19
DA:714,33
DA:715,33
DA:716,33
DA:718,33
DA:719,33
DA:721,25
DA:723,48
DA:724,23
DA:726,22
DA:729,0
DA:731,22
DA:732,22
DA:734,22
DA:735,20
DA:739,20
DA:740,20
DA:743,20
DA:746,20
DA:747,20
DA:748,1
DA:749,1
DA:750,1
DA:752,20
DA:753,20
DA:754,25
DA:781,38
DA:786,38
DA:787,38
DA:789,38
DA:791,88
DA:793,50
DA:794,46
DA:797,46
DA:798,46
DA:802,45
DA:803,45
DA:804,45
DA:805,45
DA:807,1
DA:809,46
DA:813,38
DA:814,38
DA:815,38
DA:818,38
DA:823,38
DA:824,38
DA:826,122
DA:827,46
DA:830,46
DA:831,46
DA:832,46
DA:834,46
DA:835,83
DA:837,38
DA:840,38
DA:841,38
DA:842,18
DA:843,18
DA:845,38
DA:846,38
DA:847,38
DA:848,38
DA:849,38
DA:858,55451
DA:862,55451
DA:865,35
DA:868,35
DA:869,35
DA:870,35
DA:871,35
DA:872,35
DA:877,35
DA:878,55451
DA:900,34
DA:904,34
DA:906,18
DA:908,18
DA:909,18
DA:914,18
DA:915,18
DA:916,18
DA:919,16
DA:920,16
DA:921,20
DA:922,4
DA:925,13
DA:926,13
DA:927,13
DA:931,13
DA:934,13
DA:935,13
DA:936,13
DA:937,34
DA:960,31
DA:961,66
DA:968,35
DA:969,35
DA:971,70
DA:972,35
DA:973,35
DA:977,35
DA:981,35
DA:982,35
DA:987,33
DA:988,33
DA:989,33
DA:990,33
DA:992,67
DA:993,34
DA:994,34
DA:995,34
DA:996,34
DA:997,34
DA:998,34
DA:999,34
DA:1001,34
DA:1005,34
DA:1006,34
DA:1008,34
DA:1014,3
DA:1017,34
DA:1018,34
DA:1025,33
DA:1031,35
DA:1032,35
DA:1033,35
DA:1035,35
DA:1037,31
DA:1039,78
DA:1042,78
DA:1046,76
DA:1047,2
DA:1048,2
DA:1051,74
DA:1052,74
DA:1054,78
DA:1058,51
DA:1063,51
DA:1066,87
DA:1067,66
DA:1068,66
DA:1069,26
DA:1070,2
DA:1071,2
DA:1073,24
DA:1075,24
DA:1076,24
DA:1077,24
DA:1079,24
DA:1080,24
DA:1081,24
DA:1082,24
DA:1083,24
DA:1084,48
DA:1085,24
DA:1086,3
DA:1087,3
DA:1088,6
DA:1090,24
DA:1091,24
DA:1094,24
DA:1096,24
DA:1097,24
DA:1105,21
DA:1106,1
DA:1107,1
DA:1111,51
DA:1114,32
DA:1115,32
DA:1116,32
DA:1118,19
DA:1119,19
DA:1120,19
DA:1122,27
DA:1125,27
DA:1126,27
DA:1128,27
DA:1130,27
DA:1131,19
DA:1134,1
DA:1137,18
DA:1140,8
DA:1141,1
DA:1145,7
DA:1146,7
LF:572
LH:561
end_of_record
TN:
SF:/var/lib/jenkins/jobs/redis-lcov/workspace/src/rand.c
FN:71,redisLrand48
FN:76,redisSrand48
FN:80,next
FNDA:10,redisLrand48
FNDA:402705,redisSrand48
FNDA:10,next
FNF:3
FNH:3
DA:71,10
DA:72,10
DA:73,10
DA:76,402705
DA:77,402705
DA:78,402705
DA:80,10
DA:83,10
DA:84,10
DA:85,10
DA:86,10
DA:87,10
DA:88,10
DA:89,10
DA:91,10
DA:92,10
DA:93,10
LF:17
LH:17
end_of_record
TN:
SF:/usr/include/x86_64-linux-gnu/bits/string3.h
DA:52,476984
DA:58,25672
LF:2
LH:2
end_of_record
SF:/var/lib/jenkins/jobs/redis-lcov/workspace/src/intset.c
FN:46,intsetFind
FN:46,intsetUpgradeAndAdd
FN:46,intsetAdd
FN:46,intsetRemove
FN:55,_intsetGetEncoded
FN:77,intsetSearch
FN:77,intsetRandom
FN:77,intsetGet
FN:81,_intsetSet
FN:97,intsetNew
FN:182,intsetMoveTail
FN:275,intsetLen
FN:280,intsetBlobLen
FNDA:476984,_intsetGetEncoded
FNDA:88047,_intsetSet
FNDA:67866,intsetNew
FNDA:82705,intsetSearch
FNDA:37983,intsetUpgradeAndAdd
FNDA:25672,intsetMoveTail
FNDA:95517,intsetAdd
FNDA:18188,intsetRemove
FNDA:9789,intsetFind
FNDA:3971,intsetRandom
FNDA:278399,intsetGet
FNDA:179773,intsetLen
FNDA:40914,intsetBlobLen
FNF:13
FNH:13
BRDA:46,0,0,6450
BRDA:46,0,1,3339
BRDA:46,1,2,10517
BRDA:46,1,3,7671
BRDA:46,2,4,56703
BRDA:46,2,5,38814
BRDA:46,3,6,14226
BRDA:46,3,7,23757
BRDA:48,0,0,4174
BRDA:48,0,1,2276
BRDA:48,2,2,5499
BRDA:48,2,3,5018
BRDA:48,4,4,29664
BRDA:48,4,5,27039
BRDA:48,6,6,0
BRDA:48,6,7,14226
BRDA:60,0,0,332718
BRDA:60,0,1,144266
BRDA:64,0,0,55475
BRDA:64,0,1,88791
BRDA:84,0,0,49035
BRDA:84,0,1,39012
BRDA:87,0,0,16037
BRDA:87,0,1,22975
BRDA:120,0,0,17536
BRDA:120,0,1,65169
BRDA:121,0,0,17536
BRDA:121,0,1,0
BRDA:126,9999,0,10865
BRDA:126,9999,1,54304
BRDA:127,0,0,7483
BRDA:127,0,1,3382
BRDA:129,9999,0,48606
BRDA:129,9999,1,5698
BRDA:130,0,0,3021
BRDA:130,0,1,2677
BRDA:135,0,0,192515
BRDA:135,0,1,20759
BRDA:138,9999,0,86092
BRDA:138,9999,1,106423
BRDA:140,0,0,78576
BRDA:140,0,1,27847
BRDA:147,0,0,27847
BRDA:147,0,1,20759
BRDA:148,0,0,27186
BRDA:148,0,1,661
BRDA:151,0,0,20173
BRDA:151,0,1,586
BRDA:170,0,0,2792
BRDA:170,0,1,37983
BRDA:174,0,0,18879
BRDA:174,0,1,19104
BRDA:187,0,0,23811
BRDA:187,0,1,1861
BRDA:191,0,0,612
BRDA:191,0,1,1249
BRDA:207,0,0,94303
BRDA:207,0,1,1214
BRDA:212,0,0,37983
BRDA:212,0,1,57534
BRDA:219,0,1,10262
BRDA:219,0,2,47272
BRDA:220,0,0,10262
BRDA:220,0,1,0
BRDA:225,9999,0,22645
BRDA:225,9999,1,24627
BRDA:237,0,0,15082
BRDA:237,0,1,3106
BRDA:239,0,0,17865
BRDA:239,0,1,323
BRDA:239,1,3,16924
BRDA:239,1,4,941
BRDA:243,0,0,13818
BRDA:243,0,1,3106
BRDA:246,0,0,3027
BRDA:246,0,1,13897
BRDA:256,0,0,7306
BRDA:256,0,1,2483
BRDA:256,1,3,6645
BRDA:256,1,4,661
BRDA:267,0,0,158233
BRDA:267,0,1,120166
BRF:82
BRH:79
DA:46,161477
DA:48,87896
DA:55,476984
DA:60,476984
DA:61,332718
DA:63,332718
DA:64,144266
DA:65,55475
DA:67,55475
DA:69,88791
DA:71,476984
DA:77,474192
DA:81,88047
DA:82,88047
DA:84,88047
DA:85,49035
DA:87,39012
DA:88,16037
DA:91,22975
DA:94,88047
DA:97,67866
DA:98,67866
DA:99,67866
DA:100,67866
DA:101,67866
DA:106,102179
DA:107,64196
DA:115,82705
DA:116,82705
DA:117,82705
DA:120,82705
DA:121,17536
DA:126,65169
DA:127,10865
DA:129,54304
DA:130,5698
DA:135,213274
DA:136,192515
DA:137,192515
DA:138,192515
DA:139,86092
DA:140,106423
DA:141,164668
DA:147,48606
DA:148,27847
DA:151,82705
DA:157,37983
DA:158,37983
DA:159,37983
DA:160,37983
DA:161,37983
DA:164,37983
DA:165,37983
DA:170,40775
DA:171,2792
DA:174,37983
DA:175,18879
DA:177,19104
DA:178,37983
DA:179,37983
DA:182,25672
DA:184,25672
DA:185,25672
DA:187,25672
DA:188,23811
DA:189,23811
DA:190,23811
DA:191,1861
DA:192,612
DA:193,612
DA:194,612
DA:196,1249
DA:197,1249
DA:198,1249
DA:200,25672
DA:201,25672
DA:204,95517
DA:205,95517
DA:207,95517
DA:212,95517
DA:214,37983
DA:219,57534
DA:220,10262
DA:224,94544
DA:225,47272
DA:228,47272
DA:229,47272
DA:230,95517
DA:234,18188
DA:235,18188
DA:237,18188
DA:239,18188
DA:240,16924
DA:243,16924
DA:246,16924
DA:247,33848
DA:248,16924
DA:250,18188
DA:254,9789
DA:255,9789
DA:256,9789
DA:260,3971
DA:261,7942
DA:266,278399
DA:267,278399
DA:268,316466
DA:269,278399
DA:275,179773
DA:276,179773
DA:280,40914
DA:281,40914
LF:111
LH:111
end_of_record
TN:
SF:/var/lib/jenkins/jobs/redis-lcov/workspace/src/adlist.c
FN:41,listCreate
FN:58,listRelease
FN:80,listAddNodeHead
FN:106,listAddNodeTail
FN:126,listInsertNode
FN:159,listDelNode
FN:178,listGetIterator
FN:192,listReleaseIterator
FN:193,listDup
FN:193,listSearchKey
FN:197,listRewind
FN:202,listRewindTail
FN:221,listNext
FN:313,listIndex
FN:328,listRotate
FNDA:17634,listCreate
FNDA:9598,listRelease
FNDA:172827,listAddNodeHead
FNDA:317829,listAddNodeTail
FNDA:7,listInsertNode
FNDA:46064,listDelNode
FNDA:509,listGetIterator
FNDA:0,listReleaseIterator
FNDA:1482466,listRewind
FNDA:0,listRewindTail
FNDA:4357206,listNext
FNDA:2,listDup
FNDA:507,listSearchKey
FNDA:40871,listIndex
FNDA:17892,listRotate
FNF:15
FNH:13
BRDA:45,0,1,17634
BRDA:45,0,2,0
BRDA:65,1,0,301027
BRDA:65,1,1,9598
BRDA:67,0,0,201842
BRDA:67,0,1,99185
BRDA:84,0,1,172827
BRDA:84,0,2,0
BRDA:87,0,0,10339
BRDA:87,0,1,162488
BRDA:110,0,1,317829
BRDA:110,0,2,0
BRDA:113,0,0,5426
BRDA:113,0,1,312403
BRDA:129,0,1,7
BRDA:129,0,2,0
BRDA:132,0,0,3
BRDA:132,0,1,4
BRDA:135,0,0,2
BRDA:135,0,1,1
BRDA:141,0,0,3
BRDA:141,0,1,1
BRDA:145,0,0,4
BRDA:145,0,1,3
BRDA:148,0,0,5
BRDA:148,0,1,2
BRDA:161,0,0,7751
BRDA:161,0,1,38313
BRDA:165,0,0,28515
BRDA:165,0,1,17549
BRDA:169,0,0,45109
BRDA:169,0,1,955
BRDA:182,0,1,509
BRDA:182,0,2,0
BRDA:183,0,0,509
BRDA:183,0,1,0
BRDA:225,0,0,766
BRDA:225,0,1,23
BRDA:225,1,2,312
BRDA:225,1,3,2
BRDA:225,2,4,2874749
BRDA:225,2,5,1482457
BRDA:226,0,0,766
BRDA:226,0,1,0
BRDA:226,1,2,312
BRDA:226,1,3,0
BRDA:226,2,4,2874749
BRDA:226,2,5,0
BRDA:248,0,1,2
BRDA:248,0,2,0
BRDA:254,0,0,312
BRDA:254,0,1,2
BRDA:257,0,0,312
BRDA:257,0,1,0
BRDA:259,9999,0,0
BRDA:259,9999,1,312
BRDA:266,0,1,0
BRDA:266,0,2,312
BRDA:291,0,0,766
BRDA:291,0,1,23
BRDA:292,0,0,44
BRDA:292,0,1,722
BRDA:293,0,1,40
BRDA:293,0,2,4
BRDA:298,0,0,444
BRDA:298,0,1,278
BRDA:316,0,0,2004
BRDA:316,0,1,38867
BRDA:319,2,0,500862
BRDA:319,2,1,2004
BRDA:319,3,2,500862
BRDA:319,3,3,0
BRDA:322,2,0,4261674
BRDA:322,2,1,38866
BRDA:322,3,2,4261673
BRDA:322,3,3,1
BRDA:331,0,0,14012
BRDA:331,0,1,3880
BRF:78
BRH:64
DA:41,17634
DA:45,17634
DA:47,17634
DA:48,17634
DA:49,17634
DA:50,17634
DA:51,17634
DA:52,17634
DA:58,9598
DA:63,9598
DA:64,9598
DA:65,310625
DA:66,301027
DA:67,301027
DA:68,301027
DA:69,301027
DA:71,9598
DA:72,9598
DA:80,172827
DA:84,172827
DA:86,172827
DA:87,172827
DA:88,10339
DA:89,10339
DA:91,162488
DA:92,162488
DA:93,162488
DA:94,162488
DA:96,172827
DA:97,172827
DA:106,317829
DA:110,317829
DA:112,317829
DA:113,317829
DA:114,5426
DA:115,5426
DA:117,312403
DA:118,312403
DA:119,312403
DA:120,312403
DA:122,317829
DA:123,317829
DA:126,7
DA:129,7
DA:131,7
DA:132,7
DA:133,3
DA:134,3
DA:135,3
DA:136,2
DA:139,4
DA:140,4
DA:141,4
DA:142,3
DA:145,7
DA:146,4
DA:148,7
DA:149,5
DA:151,7
DA:152,7
DA:159,46064
DA:161,46064
DA:162,7751
DA:164,38313
DA:165,46064
DA:166,28515
DA:168,17549
DA:169,46064
DA:170,46064
DA:171,46064
DA:172,46064
DA:178,509
DA:182,509
DA:183,509
DA:184,509
DA:186,0
DA:187,509
DA:188,509
DA:192,0
DA:193,509
DA:194,0
DA:197,1482466
DA:198,1482466
DA:199,1482466
DA:200,1482466
DA:202,0
DA:203,0
DA:204,0
DA:205,0
DA:221,4357206
DA:223,4358309
DA:225,4358309
DA:226,2875827
DA:227,2875827
DA:229,0
DA:231,4357206
DA:242,2
DA:248,2
DA:250,2
DA:251,2
DA:252,2
DA:253,2
DA:254,316
DA:257,312
DA:258,312
DA:259,312
DA:260,0
DA:262,0
DA:265,0
DA:266,312
DA:267,0
DA:269,0
DA:273,2
DA:285,507
DA:290,507
DA:291,1296
DA:292,766
DA:293,44
DA:295,40
DA:298,722
DA:300,726
DA:305,507
DA:313,40871
DA:316,40871
DA:317,2004
DA:318,2004
DA:319,502866
DA:321,38867
DA:322,4300540
DA:324,40871
DA:328,17892
DA:329,17892
DA:331,31904
DA:334,14012
DA:335,14012
DA:337,14012
DA:338,14012
DA:339,14012
DA:340,14012
LF:139
LH:126
end_of_record
TN:
SF:/usr/include/stdlib.h
DA:286,131
LF:1
LH:1
end_of_record
SF:/usr/include/x86_64-linux-gnu/bits/fcntl2.h
DA:54,6
LF:1
LH:1
end_of_record
SF:/usr/include/x86_64-linux-gnu/bits/stdio2.h
DA:34,19344
DA:65,4464
DA:78,4333
DA:98,4464
DA:105,0
DA:255,131
LF:6
LH:5
end_of_record
SF:/usr/include/x86_64-linux-gnu/bits/string3.h
DA:52,4
DA:85,133
LF:2
LH:2
end_of_record
SF:/usr/include/x86_64-linux-gnu/bits/syslog.h
DA:32,4464
LF:1
LH:1
end_of_record
SF:/var/lib/jenkins/jobs/redis-lcov/workspace/src/asciilogo.h
DA:30,131
LF:1
LH:1
end_of_record
SF:/var/lib/jenkins/jobs/redis-lcov/workspace/src/redis.c
FN:268,redisLogRaw
FN:302,redisLog
FN:321,redisLogFromHandler
FN:345,ustime
FN:356,mstime
FN:364,exitFromChild
FN:378,dictVanillaFree
FN:384,dictListDestructor
FN:390,dictSdsKeyCompare
FN:404,dictSdsKeyCaseCompare
FN:412,dictRedisObjectDestructor
FN:420,dictSdsDestructor
FN:427,dictObjKeyCompare
FN:434,dictObjHash
FN:439,dictSdsHash
FN:443,dictSdsCaseHash
FN:447,dictEncObjKeyCompare
FN:465,dictEncObjHash
FN:603,htNeedsResize
FN:614,tryResizeHashTables
FN:628,incrementallyRehash
FN:648,updateDictResizePolicy
FN:668,activeExpireCycleTryExpire
FN:708,activeExpireCycle
FN:825,updateLRUClock
FN:826,initServerConfig
FN:826,serverCron
FN:832,trackOperationsPerSecond
FN:846,getOperationsPerSecond
FN:848,genRedisInfoString
FN:856,clientsCronHandleTimeout
FN:883,clientsCronResizeQueryBuffer
FN:905,clientsCron
FN:937,databasesCron
FN:1178,beforeSleep
FN:1208,createSharedObjects
FN:1441,adjustOpenFilesLimit
FN:1477,initServer
FN:1644,populateCommandTable
FN:1680,resetCommandTableStats
FN:1694,redisOpArrayInit
FN:1695,call
FN:1699,redisOpArrayAppend
FN:1715,redisOpArrayFree
FN:1731,lookupCommand
FN:1735,lookupCommandByCString
FN:1751,lookupCommandOrOriginal
FN:1766,propagate
FN:1777,alsoPropagate
FN:1786,forceCommandPropagation
FN:1877,processCommand
FN:2051,closeListeningSockets
FN:2064,prepareForShutdown
FN:2123,time_independent_strcmp
FN:2156,authCommand
FN:2168,pingCommand
FN:2172,echoCommand
FN:2176,timeCommand
FN:2189,bytesToHuman
FN:2616,infoCommand
FN:2630,monitorCommand
FN:2656,freeMemoryIfNeeded
FN:2802,linuxOvercommitMemoryValue
FN:2816,linuxOvercommitMemoryWarning
FN:2823,createPidFile
FN:2832,daemonize
FN:2849,version
FN:2860,usage
FN:2877,redisAsciiArt
FN:2897,sigtermHandler
FN:2904,setupSignalHandlers
FN:2930,checkForSentinelMode
FN:2940,loadDataFromDisk
FN:2956,redisOutOfMemoryHandler
FN:2962,redisSetProcTitle
FN:2973,main
FNDA:4464,redisLogRaw
FNDA:4361,redisLog
FNDA:74,redisLogFromHandler
FNDA:16779928,ustime
FNDA:56437,mstime
FNDA:51,exitFromChild
FNDA:0,dictVanillaFree
FNDA:173,dictListDestructor
FNDA:13714638,dictSdsKeyCompare
FNDA:8115223,dictSdsKeyCaseCompare
FNDA:885396,dictRedisObjectDestructor
FNDA:425155,dictSdsDestructor
FNDA:102485,dictObjKeyCompare
FNDA:102926,dictObjHash
FNDA:20274322,dictSdsHash
FNDA:7351957,dictSdsCaseHash
FNDA:292938,dictEncObjKeyCompare
FNDA:602232,dictEncObjHash
FNDA:260642,htNeedsResize
FNDA:118832,tryResizeHashTables
FNDA:117849,incrementallyRehash
FNDA:533,updateDictResizePolicy
FNDA:2546,activeExpireCycleTryExpire
FNDA:4191277,activeExpireCycle
FNDA:0,updateLRUClock
FNDA:7790,trackOperationsPerSecond
FNDA:0,getOperationsPerSecond
FNDA:17892,clientsCronHandleTimeout
FNDA:17892,clientsCronResizeQueryBuffer
FNDA:7716,clientsCron
FNDA:7716,databasesCron
FNDA:7790,serverCron
FNDA:4185104,beforeSleep
FNDA:131,createSharedObjects
FNDA:131,initServerConfig
FNDA:131,adjustOpenFilesLimit
FNDA:131,initServer
FNDA:131,populateCommandTable
FNDA:0,resetCommandTableStats
FNDA:0,redisOpArrayInit
FNDA:0,redisOpArrayAppend
FNDA:0,redisOpArrayFree
FNDA:6087748,lookupCommand
FNDA:655,lookupCommandByCString
FNDA:138245,lookupCommandOrOriginal
FNDA:4246740,propagate
FNDA:0,alsoPropagate
FNDA:101997,forceCommandPropagation
FNDA:6063809,call
FNDA:5648946,processCommand
FNDA:126,closeListeningSockets
FNDA:75,prepareForShutdown
FNDA:2,time_independent_strcmp
FNDA:3,authCommand
FNDA:100356,pingCommand
FNDA:0,echoCommand
FNDA:0,timeCommand
FNDA:19344,bytesToHuman
FNDA:9698,genRedisInfoString
FNDA:9698,infoCommand
FNDA:2,monitorCommand
FNDA:28517,freeMemoryIfNeeded
FNDA:131,linuxOvercommitMemoryValue
FNDA:131,linuxOvercommitMemoryWarning
FNDA:0,createPidFile
FNDA:0,daemonize
FNDA:0,version
FNDA:0,usage
FNDA:131,redisAsciiArt
FNDA:74,sigtermHandler
FNDA:131,setupSignalHandlers
FNDA:131,checkForSentinelMode
FNDA:131,loadDataFromDisk
FNDA:0,redisOutOfMemoryHandler
FNDA:182,redisSetProcTitle
FNDA:131,main
FNF:76
FNH:61
BRDA:277,0,0,4464
BRDA:277,0,1,0
BRDA:279,0,0,0
BRDA:279,0,1,4464
BRDA:280,0,0,4464
BRDA:280,0,1,0
BRDA:282,0,0,131
BRDA:282,0,1,4333
BRDA:295,9999,0,0
BRDA:295,9999,1,4464
BRDA:296,0,0,0
BRDA:296,0,1,4464
BRDA:306,0,0,4333
BRDA:306,0,1,28
BRDA:326,0,0,74
BRDA:326,0,1,0
BRDA:326,1,2,74
BRDA:326,1,3,0
BRDA:326,2,4,74
BRDA:326,2,5,0
BRDA:328,0,0,0
BRDA:328,0,1,74
BRDA:330,0,0,74
BRDA:330,0,1,0
BRDA:332,9999,1,74
BRDA:332,9999,2,0
BRDA:333,0,1,74
BRDA:333,0,2,0
BRDA:334,0,1,74
BRDA:334,0,2,0
BRDA:336,9999,1,74
BRDA:336,9999,2,0
BRDA:337,0,1,74
BRDA:337,0,2,0
BRDA:338,0,1,74
BRDA:338,0,2,0
BRDA:341,0,0,0
BRDA:341,0,1,74
BRDA:398,0,0,9081100
BRDA:398,0,1,4633538
BRDA:416,0,0,885396
BRDA:416,0,1,0
BRDA:453,0,0,160354
BRDA:453,0,1,132584
BRDA:453,1,2,142254
BRDA:453,1,3,18100
BRDA:468,0,0,280892
BRDA:468,0,1,321340
BRDA:471,0,0,321340
BRDA:471,0,1,0
BRDA:608,0,0,14303
BRDA:608,0,1,246339
BRDA:608,1,2,11504
BRDA:608,1,3,2799
BRDA:608,2,4,11226
BRDA:608,2,5,278
BRDA:615,0,1,1
BRDA:615,0,2,118831
BRDA:617,0,1,2
BRDA:617,0,2,118830
BRDA:630,0,0,272
BRDA:630,0,1,117577
BRDA:635,0,0,4
BRDA:635,0,1,117573
BRDA:649,0,0,489
BRDA:649,0,1,44
BRDA:649,1,2,257
BRDA:649,1,3,232
BRDA:670,0,0,27
BRDA:670,0,1,2519
BRDA:719,9999,0,4185104
BRDA:719,9999,1,6173
BRDA:723,0,0,0
BRDA:723,0,1,4185104
BRDA:724,0,0,-
BRDA:724,0,1,-
BRDA:735,0,0,6173
BRDA:735,0,1,0
BRDA:735,1,2,0
BRDA:735,1,3,6173
BRDA:744,0,0,0
BRDA:744,0,1,6173
BRDA:746,0,0,0
BRDA:746,0,1,6173
BRDA:749,2,0,98768
BRDA:749,2,1,6173
BRDA:766,0,0,98436
BRDA:766,0,1,332
BRDA:776,9999,0,117
BRDA:776,9999,1,215
BRDA:776,0,2,117
BRDA:776,0,3,0
BRDA:785,0,0,100
BRDA:785,0,1,232
BRDA:788,0,0,2546
BRDA:788,0,1,332
BRDA:792,0,1,2546
BRDA:792,0,2,0
BRDA:794,0,1,27
BRDA:794,0,2,2519
BRDA:795,0,0,27
BRDA:795,0,1,2519
BRDA:801,0,0,332
BRDA:801,0,1,0
BRDA:804,0,0,19
BRDA:804,0,1,313
BRDA:813,0,0,0
BRDA:813,0,1,332
BRDA:813,0,2,-
BRDA:813,0,3,-
BRDA:818,0,0,332
BRDA:818,0,1,0
BRDA:821,0,0,0
BRDA:821,0,1,332
BRDA:837,9999,0,7790
BRDA:837,9999,1,0
BRDA:850,2,0,154752
BRDA:850,2,1,9672
BRDA:850,5,2,-
BRDA:850,5,3,-
BRDA:859,0,0,0
BRDA:859,0,1,17892
BRDA:861,0,0,-
BRDA:861,0,1,-
BRDA:862,0,0,-
BRDA:862,0,1,-
BRDA:863,0,0,-
BRDA:863,0,1,-
BRDA:864,0,0,-
BRDA:864,0,1,-
BRDA:870,0,0,134
BRDA:870,0,1,17758
BRDA:871,0,0,53
BRDA:871,0,1,81
BRDA:871,1,2,3
BRDA:871,1,3,50
BRDA:890,9999,0,5949
BRDA:890,9999,1,11943
BRDA:890,0,2,106
BRDA:890,0,3,5843
BRDA:891,0,0,0
BRDA:891,0,1,12049
BRDA:895,0,0,5843
BRDA:895,0,1,0
BRDA:914,0,0,7716
BRDA:914,0,1,0
BRDA:916,0,0,25353
BRDA:916,0,1,255
BRDA:916,1,2,17892
BRDA:916,1,3,7461
BRDA:929,9999,1,0
BRDA:929,9999,2,17892
BRDA:940,0,0,7696
BRDA:940,0,1,20
BRDA:940,1,2,6173
BRDA:940,1,3,1523
BRDA:946,0,0,7658
BRDA:946,0,1,58
BRDA:946,1,2,7427
BRDA:946,1,3,231
BRDA:956,0,0,0
BRDA:956,0,1,7427
BRDA:959,1,0,118832
BRDA:959,1,1,7427
BRDA:965,0,0,7427
BRDA:965,0,1,0
BRDA:966,1,0,117849
BRDA:966,1,1,7151
BRDA:969,9999,0,117573
BRDA:969,9999,1,276
BRDA:1006,0,0,0
BRDA:1006,0,1,7790
BRDA:1015,9999,0,0
BRDA:1015,9999,1,7790
BRDA:1015,0,2,-
BRDA:1015,0,3,-
BRDA:1032,0,1,2063
BRDA:1032,0,2,5727
BRDA:1037,0,0,74
BRDA:1037,0,1,7716
BRDA:1038,0,1,74
BRDA:1038,0,2,0
BRDA:1044,0,0,7716
BRDA:1044,0,1,0
BRDA:1044,1,2,240
BRDA:1044,1,3,7476
BRDA:1045,1,0,3840
BRDA:1045,1,1,240
BRDA:1051,0,0,135
BRDA:1051,0,1,3705
BRDA:1059,0,0,7716
BRDA:1059,0,1,0
BRDA:1060,0,0,7716
BRDA:1060,0,1,0
BRDA:1060,1,2,240
BRDA:1060,1,3,7476
BRDA:1077,9999,0,7658
BRDA:1077,9999,1,58
BRDA:1077,0,2,7427
BRDA:1077,0,3,231
BRDA:1077,1,4,2
BRDA:1077,1,5,7425
BRDA:1084,0,0,7657
BRDA:1084,0,1,58
BRDA:1084,1,2,7425
BRDA:1084,1,3,232
BRDA:1088,0,1,257
BRDA:1088,0,2,33
BRDA:1092,0,0,0
BRDA:1092,0,1,257
BRDA:1094,0,0,44
BRDA:1094,0,1,213
BRDA:1096,0,0,213
BRDA:1096,0,1,0
BRDA:1108,1,0,7425
BRDA:1108,1,1,7425
BRDA:1115,0,0,2565
BRDA:1115,0,1,4860
BRDA:1115,1,2,0
BRDA:1115,1,3,2565
BRDA:1116,0,0,-
BRDA:1116,0,1,-
BRDA:1118,0,0,-
BRDA:1118,0,1,-
BRDA:1129,0,0,7425
BRDA:1129,0,1,0
BRDA:1129,1,2,7425
BRDA:1129,1,3,0
BRDA:1130,0,0,7425
BRDA:1130,0,1,0
BRDA:1131,0,0,32
BRDA:1131,0,1,7393
BRDA:1134,0,0,32
BRDA:1134,0,1,0
BRDA:1137,0,0,20
BRDA:1137,0,1,12
BRDA:1147,0,0,0
BRDA:1147,0,1,7710
BRDA:1154,9999,0,7710
BRDA:1154,9999,1,0
BRDA:1154,0,2,845
BRDA:1154,0,3,6865
BRDA:1157,0,0,7710
BRDA:1157,0,1,0
BRDA:1157,1,2,845
BRDA:1157,1,3,6865
BRDA:1158,0,0,0
BRDA:1158,0,1,845
BRDA:1162,0,0,0
BRDA:1162,0,1,7710
BRDA:1162,1,2,-
BRDA:1162,1,3,-
BRDA:1163,0,0,0
BRDA:1163,0,1,7710
BRDA:1167,0,0,7710
BRDA:1167,0,1,0
BRDA:1167,1,2,845
BRDA:1167,1,3,6865
BRDA:1187,0,0,37
BRDA:1187,0,1,4185104
BRDA:1189,0,0,0
BRDA:1189,0,1,37
BRDA:1195,9999,0,37
BRDA:1195,9999,1,0
BRDA:1195,0,2,2
BRDA:1195,0,3,35
BRDA:1257,0,0,1310
BRDA:1257,0,1,131
BRDA:1277,0,0,1310000
BRDA:1277,0,1,131
BRDA:1281,0,0,4192
BRDA:1281,0,1,131
BRDA:1400,1,0,393
BRDA:1400,1,1,131
BRDA:1445,0,1,0
BRDA:1445,0,2,131
BRDA:1454,0,0,130
BRDA:1454,0,1,1
BRDA:1458,0,0,1950
BRDA:1458,0,1,130
BRDA:1461,0,1,1950
BRDA:1461,0,2,0
BRDA:1464,0,0,130
BRDA:1464,0,1,0
BRDA:1465,0,0,130
BRDA:1465,0,1,0
BRDA:1484,9999,0,0
BRDA:1484,9999,1,131
BRDA:1504,9999,0,131
BRDA:1504,9999,1,0
BRDA:1507,0,0,0
BRDA:1507,0,1,131
BRDA:1508,1,0,131
BRDA:1508,1,1,131
BRDA:1509,0,0,0
BRDA:1509,0,1,131
BRDA:1512,9999,0,-
BRDA:1512,9999,1,-
BRDA:1514,0,0,0
BRDA:1514,0,1,131
BRDA:1521,0,0,0
BRDA:1521,0,1,131
BRDA:1522,0,0,-
BRDA:1522,0,1,-
BRDA:1533,0,0,0
BRDA:1533,0,1,131
BRDA:1536,9999,0,-
BRDA:1536,9999,1,-
BRDA:1543,0,0,0
BRDA:1543,0,1,131
BRDA:1543,1,2,-
BRDA:1543,1,3,-
BRDA:1549,0,0,2096
BRDA:1549,0,1,131
BRDA:1596,9999,1,131
BRDA:1596,9999,2,0
BRDA:1603,1,0,131
BRDA:1603,1,1,131
BRDA:1604,0,1,0
BRDA:1604,0,2,131
BRDA:1611,0,0,0
BRDA:1611,0,1,131
BRDA:1611,1,3,-
BRDA:1611,1,4,-
BRDA:1615,0,0,6
BRDA:1615,0,1,125
BRDA:1618,9999,0,0
BRDA:1618,9999,1,6
BRDA:1629,0,0,0
BRDA:1629,0,1,131
BRDA:1629,1,2,-
BRDA:1629,1,3,-
BRDA:1635,0,0,0
BRDA:1635,0,1,131
BRDA:1648,2,0,18733
BRDA:1648,2,1,131
BRDA:1653,1,0,34191
BRDA:1653,1,1,18733
BRDA:1654,0,0,8515
BRDA:1654,0,1,9563
BRDA:1654,0,2,5240
BRDA:1654,0,3,2358
BRDA:1654,0,4,786
BRDA:1654,0,5,3144
BRDA:1654,0,6,786
BRDA:1654,0,7,917
BRDA:1654,0,8,1441
BRDA:1654,0,9,1179
BRDA:1654,0,10,131
BRDA:1654,0,11,131
BRDA:1654,0,12,0
BRDA:1676,9999,0,0
BRDA:1676,9999,1,18733
BRDA:1684,2,0,-
BRDA:1684,2,1,-
BRDA:1716,1,0,-
BRDA:1716,1,1,-
BRDA:1722,1,0,-
BRDA:1722,1,1,-
BRDA:1754,9999,0,0
BRDA:1754,9999,1,138245
BRDA:1769,0,0,256756
BRDA:1769,0,1,3989984
BRDA:1769,1,2,256756
BRDA:1769,1,3,0
BRDA:1771,0,0,4246740
BRDA:1771,0,1,0
BRDA:1787,0,0,101997
BRDA:1787,0,1,0
BRDA:1788,0,0,2
BRDA:1788,0,1,101995
BRDA:1798,9999,0,17
BRDA:1798,9999,1,6063792
BRDA:1798,0,2,17
BRDA:1798,0,3,0
BRDA:1799,0,0,17
BRDA:1799,0,1,0
BRDA:1815,9999,0,263
BRDA:1815,9999,1,6063497
BRDA:1815,0,2,261
BRDA:1815,0,3,2
BRDA:1821,0,0,417075
BRDA:1821,0,1,5646685
BRDA:1821,1,2,417075
BRDA:1821,1,3,0
BRDA:1822,0,0,0
BRDA:1822,0,1,417075
BRDA:1824,0,0,0
BRDA:1824,0,1,417075
BRDA:1830,0,0,6063499
BRDA:1830,0,1,261
BRDA:1830,1,2,6063329
BRDA:1830,1,3,170
BRDA:1832,0,0,6063499
BRDA:1832,0,1,261
BRDA:1838,0,0,5646685
BRDA:1838,0,1,417075
BRDA:1841,0,0,101997
BRDA:1841,0,1,5544688
BRDA:1842,0,0,2
BRDA:1842,0,1,5646683
BRDA:1843,0,0,4144668
BRDA:1843,0,1,1502017
BRDA:1845,0,0,4246665
BRDA:1845,0,1,1400020
BRDA:1856,0,0,0
BRDA:1856,0,1,6063760
BRDA:1860,0,0,-
BRDA:1860,0,1,-
BRDA:1882,0,1,3
BRDA:1882,0,2,5648943
BRDA:1891,9999,0,11
BRDA:1891,9999,1,5648932
BRDA:1896,0,0,1420921
BRDA:1896,0,1,4228011
BRDA:1896,1,2,1420918
BRDA:1896,1,3,3
BRDA:1896,2,4,0
BRDA:1896,2,5,5648929
BRDA:1905,0,0,6
BRDA:1905,0,1,5648923
BRDA:1905,1,2,4
BRDA:1905,1,3,2
BRDA:1905,2,4,2
BRDA:1905,2,5,2
BRDA:1916,0,0,0
BRDA:1916,0,1,5648927
BRDA:1916,1,2,-
BRDA:1916,1,3,-
BRDA:1917,0,0,-
BRDA:1917,0,1,-
BRDA:1918,0,0,-
BRDA:1918,0,1,-
BRDA:1922,0,0,-
BRDA:1922,0,1,-
BRDA:1928,9999,0,-
BRDA:1928,9999,1,-
BRDA:1931,0,0,-
BRDA:1931,0,1,-
BRDA:1932,0,0,-
BRDA:1932,0,1,-
BRDA:1945,0,0,28498
BRDA:1945,0,1,5620429
BRDA:1947,9999,0,2114
BRDA:1947,9999,1,26384
BRDA:1955,0,0,5646813
BRDA:1955,0,1,0
BRDA:1955,1,2,5646813
BRDA:1955,1,3,0
BRDA:1957,0,0,0
BRDA:1957,0,1,5646813
BRDA:1957,1,2,-
BRDA:1957,1,3,-
BRDA:1967,0,0,8
BRDA:1967,0,1,5646805
BRDA:1967,1,2,8
BRDA:1967,1,3,0
BRDA:1968,0,0,4
BRDA:1968,0,1,4
BRDA:1969,0,0,2
BRDA:1969,0,1,2
BRDA:1979,0,0,1977602
BRDA:1979,0,1,3669209
BRDA:1979,1,2,1977602
BRDA:1979,1,3,0
BRDA:1979,2,4,271
BRDA:1979,2,5,1977331
BRDA:1980,0,0,0
BRDA:1980,0,1,271
BRDA:1988,0,0,5646807
BRDA:1988,0,1,4
BRDA:1988,1,2,3
BRDA:1988,1,3,5646804
BRDA:1989,0,0,7
BRDA:1989,0,1,0
BRDA:1990,0,0,4
BRDA:1990,0,1,3
BRDA:1991,0,0,3
BRDA:1991,0,1,1
BRDA:1992,0,0,0
BRDA:1992,0,1,3
BRDA:2000,0,0,1977602
BRDA:2000,0,1,3669209
BRDA:2000,1,2,163
BRDA:2000,1,3,1977439
BRDA:2000,2,4,0
BRDA:2000,2,5,163
BRDA:2001,0,0,-
BRDA:2001,0,1,-
BRDA:2011,0,0,2
BRDA:2011,0,1,5646809
BRDA:2011,1,2,0
BRDA:2011,1,3,2
BRDA:2017,0,0,7
BRDA:2017,0,1,5646804
BRDA:2017,1,2,7
BRDA:2017,1,3,0
BRDA:2018,0,0,7
BRDA:2018,0,1,0
BRDA:2019,0,0,1
BRDA:2019,0,1,6
BRDA:2020,0,0,1
BRDA:2020,0,1,0
BRDA:2020,0,2,0
BRDA:2020,0,3,1
BRDA:2022,1,1,2
BRDA:2022,1,2,4
BRDA:2023,0,0,2
BRDA:2023,0,1,0
BRDA:2023,0,2,0
BRDA:2023,0,3,2
BRDA:2033,0,0,421
BRDA:2033,0,1,5646386
BRDA:2033,1,2,250
BRDA:2033,1,3,171
BRDA:2034,0,0,235
BRDA:2034,0,1,15
BRDA:2034,1,2,230
BRDA:2034,1,3,5
BRDA:2035,0,0,225
BRDA:2035,0,1,5
BRDA:2041,9999,0,31
BRDA:2041,9999,1,5646503
BRDA:2054,2,1,126
BRDA:2054,2,2,126
BRDA:2055,0,0,0
BRDA:2055,0,1,126
BRDA:2056,0,0,0
BRDA:2056,0,1,126
BRDA:2057,1,1,-
BRDA:2057,1,2,-
BRDA:2058,0,0,75
BRDA:2058,0,1,51
BRDA:2058,1,2,0
BRDA:2058,1,3,75
BRDA:2072,9999,0,0
BRDA:2072,9999,1,75
BRDA:2077,0,0,5
BRDA:2077,0,1,70
BRDA:2080,0,0,0
BRDA:2080,0,1,5
BRDA:2089,0,0,1
BRDA:2089,0,1,74
BRDA:2089,1,2,0
BRDA:2089,1,3,1
BRDA:2092,9999,1,0
BRDA:2092,9999,2,74
BRDA:2102,0,0,0
BRDA:2102,0,1,75
BRDA:2137,0,0,2
BRDA:2137,0,1,0
BRDA:2148,2,0,1024
BRDA:2148,2,1,2
BRDA:2157,0,0,1
BRDA:2157,0,1,2
BRDA:2159,0,1,1
BRDA:2159,0,2,1
BRDA:2192,0,0,0
BRDA:2192,0,1,19344
BRDA:2196,0,0,19186
BRDA:2196,0,1,158
BRDA:2199,0,0,158
BRDA:2199,0,1,0
BRDA:2202,0,0,-
BRDA:2202,0,1,-
BRDA:2220,9999,0,9698
BRDA:2220,9999,1,0
BRDA:2230,9999,0,26
BRDA:2230,9999,1,9672
BRDA:2230,0,3,0
BRDA:2230,0,4,26
BRDA:2234,0,0,9672
BRDA:2234,0,1,0
BRDA:2235,0,0,9672
BRDA:2235,0,1,0
BRDA:2240,9999,0,9672
BRDA:2240,9999,1,0
BRDA:2283,0,0,26
BRDA:2283,0,1,9672
BRDA:2283,1,3,0
BRDA:2283,1,4,26
BRDA:2284,0,0,9672
BRDA:2284,0,1,0
BRDA:2297,0,0,26
BRDA:2297,0,1,9672
BRDA:2297,1,3,0
BRDA:2297,1,4,26
BRDA:2303,9999,0,9672
BRDA:2303,9999,1,0
BRDA:2326,0,0,26
BRDA:2326,0,1,9672
BRDA:2326,1,3,8
BRDA:2326,1,4,18
BRDA:2327,0,0,9672
BRDA:2327,0,1,8
BRDA:2328,0,0,0
BRDA:2328,0,1,9680
BRDA:2328,2,2,193
BRDA:2328,2,3,9487
BRDA:2328,3,4,13
BRDA:2328,3,5,9667
BRDA:2328,4,6,0
BRDA:2328,4,7,9680
BRDA:2359,9999,0,42
BRDA:2359,9999,1,9638
BRDA:2377,0,0,2
BRDA:2377,0,1,9678
BRDA:2387,0,0,0
BRDA:2387,0,1,2
BRDA:2410,0,0,26
BRDA:2410,0,1,9672
BRDA:2410,1,3,0
BRDA:2410,1,4,26
BRDA:2411,0,0,9672
BRDA:2411,0,1,0
BRDA:2447,0,0,26
BRDA:2447,0,1,9672
BRDA:2447,1,3,18
BRDA:2447,1,4,8
BRDA:2448,0,0,9672
BRDA:2448,0,1,18
BRDA:2449,0,0,169
BRDA:2449,0,1,9521
BRDA:2453,9999,0,169
BRDA:2453,9999,1,9521
BRDA:2454,0,0,18
BRDA:2454,0,1,151
BRDA:2454,2,2,18
BRDA:2454,2,3,151
BRDA:2454,4,4,151
BRDA:2454,4,5,18
BRDA:2471,9999,0,11
BRDA:2471,9999,1,158
BRDA:2481,0,0,151
BRDA:2481,0,1,18
BRDA:2499,9999,0,0
BRDA:2499,9999,1,9690
BRDA:2499,0,2,-
BRDA:2499,0,3,-
BRDA:2506,0,0,52
BRDA:2506,0,1,9638
BRDA:2512,0,1,140
BRDA:2512,0,2,52
BRDA:2519,0,1,0
BRDA:2519,0,2,140
BRDA:2520,0,0,0
BRDA:2520,0,1,140
BRDA:2532,0,0,0
BRDA:2532,0,1,140
BRDA:2533,0,0,21
BRDA:2533,0,1,119
BRDA:2558,0,0,26
BRDA:2558,0,1,9672
BRDA:2558,1,3,0
BRDA:2558,1,4,26
BRDA:2559,0,0,9672
BRDA:2559,0,1,0
BRDA:2573,0,0,9698
BRDA:2573,0,1,0
BRDA:2573,1,3,0
BRDA:2573,1,4,9698
BRDA:2574,0,0,-
BRDA:2574,0,1,-
BRDA:2577,2,1,-
BRDA:2577,2,2,-
BRDA:2580,0,0,-
BRDA:2580,0,1,-
BRDA:2581,0,0,-
BRDA:2581,0,1,-
BRDA:2589,0,0,26
BRDA:2589,0,1,9672
BRDA:2589,1,3,0
BRDA:2589,1,4,26
BRDA:2590,0,0,9672
BRDA:2590,0,1,0
BRDA:2598,0,0,26
BRDA:2598,0,1,9672
BRDA:2598,1,3,0
BRDA:2598,1,4,26
BRDA:2599,0,0,9672
BRDA:2599,0,1,0
BRDA:2601,2,1,154752
BRDA:2601,2,2,9672
BRDA:2606,0,0,9486
BRDA:2606,0,1,145266
BRDA:2617,0,0,26
BRDA:2617,0,1,9672
BRDA:2619,0,0,0
BRDA:2619,0,1,9698
BRDA:2632,0,0,2
BRDA:2632,0,1,0
BRDA:2663,9999,0,0
BRDA:2663,9999,1,28517
BRDA:2668,0,1,-
BRDA:2668,0,2,-
BRDA:2671,9999,0,-
BRDA:2671,9999,1,-
BRDA:2677,0,0,0
BRDA:2677,0,1,28517
BRDA:2683,0,0,7595
BRDA:2683,0,1,20922
BRDA:2685,0,0,7595
BRDA:2685,0,1,0
BRDA:2691,1,0,8351
BRDA:2691,1,1,5469
BRDA:2694,1,0,133616
BRDA:2694,1,1,8351
BRDA:2701,0,0,36416
BRDA:2701,0,1,97200
BRDA:2708,0,0,127391
BRDA:2708,0,1,6225
BRDA:2711,0,0,2453
BRDA:2711,0,1,3772
BRDA:2719,0,0,2444
BRDA:2719,0,1,1328
BRDA:2722,1,0,7332
BRDA:2722,1,1,2444
BRDA:2731,9999,0,3933
BRDA:2731,9999,1,3399
BRDA:2737,9999,0,2646
BRDA:2737,9999,1,4686
BRDA:2745,0,0,1328
BRDA:2745,0,1,0
BRDA:2746,1,0,3984
BRDA:2746,1,1,1328
BRDA:2756,9999,0,2393
BRDA:2756,9999,1,1591
BRDA:2764,0,0,6225
BRDA:2764,0,1,0
BRDA:2791,9999,0,0
BRDA:2791,9999,1,6225
BRDA:2794,0,0,6225
BRDA:2794,0,1,2126
BRDA:2806,9999,0,131
BRDA:2806,9999,1,0
BRDA:2807,9999,0,0
BRDA:2807,9999,1,131
BRDA:2817,0,1,131
BRDA:2817,0,2,0
BRDA:2826,9999,0,-
BRDA:2826,9999,1,-
BRDA:2835,0,1,-
BRDA:2835,0,2,-
BRDA:2841,9999,0,-
BRDA:2841,9999,1,-
BRDA:2845,9999,0,-
BRDA:2845,9999,1,-
BRDA:2882,9999,0,131
BRDA:2882,9999,1,0
BRDA:2883,0,0,0
BRDA:2883,0,1,131
BRDA:2933,0,0,131
BRDA:2933,0,1,0
BRDA:2934,1,0,131
BRDA:2934,1,1,131
BRDA:2935,0,0,131
BRDA:2935,0,1,0
BRDA:2942,9999,0,6
BRDA:2942,9999,1,125
BRDA:2943,0,1,3
BRDA:2943,0,2,1
BRDA:2946,0,1,5
BRDA:2946,0,2,119
BRDA:2949,0,1,1
BRDA:2949,0,2,118
BRDA:2964,0,0,182
BRDA:2964,0,1,0
BRDA:2992,9999,0,0
BRDA:2992,9999,1,131
BRDA:2997,0,0,131
BRDA:2997,0,1,0
BRDA:3003,9999,0,0
BRDA:3003,9999,1,131
BRDA:3003,0,2,-
BRDA:3003,0,3,-
BRDA:3003,2,4,131
BRDA:3003,2,5,0
BRDA:3003,3,6,0
BRDA:3003,3,7,131
BRDA:3005,0,0,131
BRDA:3005,0,1,0
BRDA:3005,1,2,0
BRDA:3005,1,3,131
BRDA:3006,0,0,0
BRDA:3006,0,1,131
BRDA:3006,1,2,-
BRDA:3006,1,3,-
BRDA:3007,0,0,0
BRDA:3007,0,1,131
BRDA:3008,0,0,-
BRDA:3008,0,1,-
BRDA:3019,0,0,0
BRDA:3019,0,1,131
BRDA:3019,1,2,-
BRDA:3019,1,3,-
BRDA:3025,0,0,0
BRDA:3025,0,1,131
BRDA:3026,0,0,-
BRDA:3026,0,1,-
BRDA:3026,1,2,-
BRDA:3026,1,3,-
BRDA:3028,0,0,-
BRDA:3028,0,1,-
BRDA:3041,9999,0,131
BRDA:3041,9999,1,0
BRDA:3043,0,0,-
BRDA:3043,0,1,-
BRDA:3045,0,0,0
BRDA:3045,0,1,131
BRDA:3047,9999,0,0
BRDA:3047,9999,1,131
BRDA:3051,9999,0,131
BRDA:3051,9999,1,0
BRDA:3058,9999,0,0
BRDA:3058,9999,1,127
BRDA:3059,0,1,-
[...]
BRDA:1873,9999,0,-
BRDA:1873,9999,1,-
BRDA:1878,0,0,-
BRDA:1878,0,1,-
BRDA:1879,0,0,-
BRDA:1879,0,1,-
BRDA:1911,0,0,-
BRDA:1911,0,1,-
BRDA:1914,1,0,-
BRDA:1914,1,1,-
BRDA:1915,0,0,-
BRDA:1915,0,1,-
BRDA:1920,1,0,-
BRDA:1920,1,1,-
BRDA:1921,0,1,-
BRDA:1921,0,2,-
BRDA:1925,0,0,-
BRDA:1925,0,1,-
BRDA:1925,1,2,-
BRDA:1925,1,3,-
BRDA:1934,0,0,-
BRDA:1934,0,1,-
BRDA:1946,0,0,-
BRDA:1946,0,1,-
BRDA:1959,0,0,-
BRDA:1959,0,1,-
BRDA:1960,0,0,-
BRDA:1960,0,1,-
BRDA:1962,0,0,-
BRDA:1962,0,1,-
BRDA:1984,0,1,-
BRDA:1984,0,2,-
BRDA:1994,9999,0,-
BRDA:1994,9999,1,-
BRDA:1995,0,0,-
BRDA:1995,0,1,-
BRDA:1996,0,0,-
BRDA:1996,0,1,-
BRDA:1997,0,0,-
BRDA:1997,0,1,-
BRDA:1998,0,0,-
BRDA:1998,0,1,-
BRDA:1999,0,0,-
BRDA:1999,0,1,-
BRDA:2000,0,0,-
BRDA:2000,0,1,-
BRDA:2001,0,0,-
BRDA:2001,0,1,-
BRDA:2002,0,0,-
BRDA:2002,0,1,-
BRDA:2003,0,0,-
BRDA:2003,0,1,-
BRDA:2006,0,0,-
BRDA:2006,0,1,-
BRDA:2012,0,0,-
BRDA:2012,0,1,-
BRDA:2015,0,0,-
BRDA:2015,0,1,-
BRDA:2020,2,1,-
BRDA:2020,2,2,-
BRDA:2023,0,0,-
BRDA:2023,0,1,-
BRDA:2024,0,0,-
BRDA:2024,0,1,-
BRDA:2026,0,0,-
BRDA:2026,0,1,-
BRDA:2026,1,2,-
BRDA:2026,1,3,-
BRDA:2027,0,0,-
BRDA:2027,0,1,-
BRDA:2029,0,0,-
BRDA:2029,0,1,-
BRDA:2041,0,0,-
BRDA:2041,0,1,-
BRDA:2042,1,0,-
BRDA:2042,1,1,-
BRDA:2043,0,0,-
BRDA:2043,0,1,-
BRDA:2046,0,0,-
BRDA:2046,0,1,-
BRDA:2061,0,1,-
BRDA:2061,0,2,-
BRDA:2061,1,3,-
BRDA:2061,1,4,-
BRDA:2062,0,0,-
BRDA:2062,0,1,-
BRDA:2071,0,0,-
BRDA:2071,0,1,-
BRDA:2076,0,1,-
BRDA:2076,0,2,-
BRDA:2076,1,3,-
BRDA:2076,1,4,-
BRDA:2083,0,1,-
BRDA:2083,0,2,-
BRDA:2083,2,3,-
BRDA:2083,2,4,-
BRDA:2084,9999,0,-
BRDA:2084,9999,1,-
BRDA:2088,0,1,-
BRDA:2088,0,2,-
BRDA:2088,1,3,-
BRDA:2088,1,4,-
BRDA:2089,0,0,-
BRDA:2089,0,1,-
BRDA:2099,9999,0,-
BRDA:2099,9999,1,-
BRDA:2104,0,1,-
BRDA:2104,0,2,-
BRDA:2104,1,3,-
BRDA:2104,1,4,-
BRDA:2112,0,1,-
BRDA:2112,0,2,-
BRDA:2112,1,3,-
BRDA:2112,1,4,-
BRDA:2114,0,0,-
BRDA:2114,0,1,-
BRDA:2122,0,1,-
BRDA:2122,0,2,-
BRDA:2122,0,3,-
BRDA:2122,0,4,-
BRDA:2123,1,1,-
BRDA:2123,1,2,-
BRDA:2134,1,0,-
BRDA:2134,1,1,-
BRDA:2135,0,1,-
BRDA:2135,0,2,-
BRDA:2139,0,0,-
BRDA:2139,0,1,-
BRDA:2139,1,2,-
BRDA:2139,1,3,-
BRDA:2143,0,0,-
BRDA:2143,0,1,-
BRDA:2143,1,2,-
BRDA:2143,1,3,-
BRDA:2148,0,0,-
BRDA:2148,0,1,-
BRDA:2155,1,0,-
BRDA:2155,1,1,-
BRDA:2156,0,0,-
BRDA:2156,0,1,-
BRDA:2161,0,0,-
BRDA:2161,0,1,-
BRDA:2164,0,0,-
BRDA:2164,0,1,-
BRDA:2166,0,0,-
BRDA:2166,0,1,-
BRDA:2173,0,1,-
BRDA:2173,0,2,-
BRDA:2173,1,3,-
BRDA:2173,1,4,-
BRDA:2181,0,1,-
BRDA:2181,0,2,-
BRDA:2183,0,1,-
BRDA:2183,0,2,-
BRDA:2183,1,3,-
BRDA:2183,1,4,-
BRDA:2184,0,0,-
BRDA:2184,0,1,-
BRDA:2188,0,1,-
BRDA:2188,0,2,-
BRDA:2194,0,1,-
BRDA:2194,0,2,-
BRDA:2194,1,3,-
BRDA:2194,1,4,-
BRDA:2195,0,0,-
BRDA:2195,0,1,-
BRDA:2200,0,1,-
BRDA:2200,0,2,-
BRDA:2206,0,1,-
BRDA:2206,0,2,-
BRDA:2206,1,3,-
BRDA:2206,1,4,-
BRDA:2210,0,1,-
BRDA:2210,0,2,-
BRDA:2210,1,3,-
BRDA:2210,1,4,-
BRDA:2214,9999,0,-
BRDA:2214,9999,1,-
BRDA:2221,0,0,-
BRDA:2221,0,1,-
BRDA:2221,1,2,-
BRDA:2221,1,3,-
BRDA:2224,0,1,-
BRDA:2224,0,2,-
BRDA:2232,0,0,-
BRDA:2232,0,1,-
BRDA:2232,1,2,-
BRDA:2232,1,3,-
BRDA:2238,0,0,-
BRDA:2238,0,1,-
BRDA:2238,1,2,-
BRDA:2238,1,3,-
BRDA:2250,0,1,-
BRDA:2250,0,2,-
BRDA:2250,1,3,-
BRDA:2250,1,4,-
BRDA:2256,2,0,-
BRDA:2256,2,1,-
BRDA:2259,0,0,-
BRDA:2259,0,1,-
BRDA:2261,0,0,-
BRDA:2261,0,1,-
BRDA:2263,0,0,-
BRDA:2263,0,1,-
BRDA:2290,0,1,-
BRDA:2290,0,2,-
BRDA:2290,1,3,-
BRDA:2290,1,4,-
BRDA:2295,0,1,-
BRDA:2295,0,2,-
BRDA:2295,1,3,-
BRDA:2295,1,4,-
BRDA:2299,0,1,-
BRDA:2299,0,2,-
BRDA:2301,0,0,-
BRDA:2301,0,1,-
BRDA:2306,0,1,-
BRDA:2306,0,2,-
BRDA:2306,1,3,-
BRDA:2306,1,4,-
BRDA:2312,0,1,-
BRDA:2312,0,2,-
BRDA:2314,0,1,-
BRDA:2314,0,2,-
BRDA:2316,0,0,-
BRDA:2316,0,1,-
BRDA:2316,1,2,-
BRDA:2316,1,3,-
BRDA:2324,1,2,-
BRDA:2324,1,3,-
BRDA:2326,0,1,-
BRDA:2326,0,2,-
BRDA:2326,1,3,-
BRDA:2326,1,4,-
BRDA:2330,9999,0,-
BRDA:2330,9999,1,-
BRDA:2338,0,1,-
BRDA:2338,0,2,-
BRDA:2338,1,3,-
BRDA:2338,1,4,-
BRDA:2343,9999,0,-
BRDA:2343,9999,1,-
BRDA:2349,0,0,-
BRDA:2349,0,1,-
BRDA:2355,0,0,-
BRDA:2355,0,1,-
BRDA:2362,0,0,-
BRDA:2362,0,1,-
BRDA:2362,1,2,-
BRDA:2362,1,3,-
BRDA:2392,9999,1,0
BRDA:2392,9999,2,14
BRDA:2393,0,1,0
BRDA:2393,0,2,14
BRDA:2424,0,0,11
BRDA:2424,0,1,0
BRDA:2429,0,0,11
BRDA:2429,0,1,0
BRDA:2434,9999,0,0
BRDA:2434,9999,1,11
BRDA:2445,0,1,1
BRDA:2445,0,2,5
BRDA:2468,2,0,3
BRDA:2468,2,1,13
BRDA:2469,0,1,2
BRDA:2469,0,2,1
BRDA:2478,0,0,11
BRDA:2478,0,1,2
BRDA:2478,1,3,2
BRDA:2478,1,4,9
BRDA:2484,0,1,11
BRDA:2484,0,2,0
BRDA:2486,0,0,0
BRDA:2486,0,1,11
BRDA:2492,0,1,0
BRDA:2492,0,2,11
BRDA:2498,9999,1,11
BRDA:2498,9999,2,0
BRDA:2498,0,4,0
BRDA:2498,0,5,11
BRDA:2506,0,0,2
BRDA:2506,0,1,9
BRDA:2510,9999,0,2
BRDA:2510,9999,1,9
BRDA:2551,9999,0,1
BRDA:2551,9999,1,8
BRDA:2558,0,0,0
BRDA:2558,0,1,8
BRDA:2570,9999,0,0
BRDA:2570,9999,1,8
BRDA:2579,9999,1,0
BRDA:2579,9999,2,8
BRDA:2603,9999,0,0
BRDA:2603,9999,1,1
BRDA:2618,0,1,24
BRDA:2618,0,2,845
BRDA:2621,0,0,23
BRDA:2621,0,1,1
BRDA:2647,2,0,4
BRDA:2647,2,1,9
BRDA:2648,0,1,1
BRDA:2648,0,2,3
BRDA:2650,0,1,0
BRDA:2650,0,2,1
BRDA:2659,0,1,9
BRDA:2659,0,2,0
BRDA:2661,0,1,9
BRDA:2661,0,2,0
BRDA:2663,0,0,0
BRDA:2663,0,1,9
BRDA:2668,0,1,0
BRDA:2668,0,2,9
BRDA:2675,9999,0,9
BRDA:2675,9999,1,0
BRDA:2679,9999,1,0
BRDA:2679,9999,2,9
BRDA:2680,0,1,0
BRDA:2680,0,2,9
BRDA:2681,0,1,0
BRDA:2681,0,2,9
BRDA:2684,9999,0,1
BRDA:2684,9999,1,8
BRDA:2686,9999,0,0
BRDA:2686,9999,1,1
BRDA:2688,0,0,8
BRDA:2688,0,1,1
BRDA:2688,2,3,0
BRDA:2688,2,4,9
BRDA:2689,0,0,0
BRDA:2689,0,1,9
BRDA:2690,0,1,-
BRDA:2690,0,2,-
BRDA:2693,0,1,0
BRDA:2693,0,2,9
BRDA:2694,0,0,0
BRDA:2694,0,1,9
BRDA:2695,0,1,0
BRDA:2695,0,2,9
BRDA:2696,0,1,0
BRDA:2696,0,2,9
BRDA:2701,9999,1,0
BRDA:2701,9999,2,9
BRDA:2707,9999,0,1
BRDA:2707,9999,1,8
BRDA:2708,0,1,0
BRDA:2708,0,2,1
BRDA:2717,0,0,15
BRDA:2717,0,1,9
BRDA:2720,9999,0,15
BRDA:2720,9999,1,0
BRDA:2731,0,1,8
BRDA:2731,0,2,1
BRDA:2733,0,1,8
BRDA:2733,0,2,0
BRDA:2735,0,0,8
BRDA:2735,0,1,0
BRDA:2735,1,2,1
BRDA:2735,1,3,7
BRDA:2736,0,0,1
BRDA:2736,0,1,0
BRDA:2741,0,0,5
BRDA:2741,0,1,2
BRDA:2762,9999,1,-
BRDA:2762,9999,2,-
BRDA:2762,0,3,-
BRDA:2762,0,4,-
BRDA:2770,9999,1,0
BRDA:2770,9999,2,1
BRDA:2770,0,3,-
BRDA:2770,0,4,-
BRDA:2781,0,0,-
BRDA:2781,0,1,-
BRDA:2812,0,0,-
BRDA:2812,0,1,-
BRDA:2815,0,0,-
BRDA:2815,0,1,-
BRDA:2831,1,0,-
BRDA:2831,1,1,-
BRDA:2842,2,1,-
BRDA:2842,2,2,-
BRDA:2843,0,0,-
BRDA:2843,0,1,-
BRDA:2850,9999,0,-
BRDA:2850,9999,1,-
BRDA:2854,0,1,-
BRDA:2854,0,2,-
BRDA:2862,0,0,-
BRDA:2862,0,1,-
BRDA:2865,0,0,-
BRDA:2865,0,1,-
BRDA:2866,0,0,-
BRDA:2866,0,1,-
BRDA:2871,0,0,-
BRDA:2871,0,1,-
BRDA:2871,1,2,-
BRDA:2871,1,3,-
BRDA:2874,0,1,-
BRDA:2874,0,2,-
BRDA:2875,0,0,-
BRDA:2875,0,1,-
BRDA:2883,0,0,-
BRDA:2883,0,1,-
BRDA:2883,1,2,-
BRDA:2883,1,3,-
BRDA:2884,0,0,-
BRDA:2884,0,1,-
BRF:1002
BRH:75
DA:62,0
DA:63,0
DA:67,0
DA:76,0
DA:77,0
DA:78,0
DA:80,0
DA:81,0
DA:87,0
DA:88,0
DA:89,0
DA:90,0
DA:93,0
DA:94,0
DA:95,0
DA:96,0
DA:99,0
DA:100,0
DA:101,0
DA:102,0
DA:103,0
DA:104,0
DA:105,0
DA:106,0
DA:107,0
DA:108,0
DA:109,0
DA:110,0
DA:111,0
DA:112,0
DA:113,0
DA:114,0
DA:115,0
DA:116,0
DA:117,0
DA:118,0
DA:119,0
DA:120,0
DA:121,0
DA:122,0
DA:125,0
DA:127,0
DA:132,0
DA:133,0
DA:134,0
DA:135,0
DA:136,0
DA:138,0
DA:139,0
DA:143,0
DA:144,0
DA:147,0
DA:150,0
DA:156,0
DA:157,0
DA:158,0
DA:159,0
DA:160,0
DA:161,0
DA:162,0
DA:163,0
DA:164,0
DA:165,0
DA:167,0
DA:168,0
DA:170,0
DA:172,0
DA:173,0
DA:174,0
DA:175,0
DA:176,0
DA:178,0
DA:180,0
DA:183,0
DA:185,0
DA:186,0
DA:189,0
DA:190,0
DA:191,0
DA:192,0
DA:193,0
DA:196,0
DA:197,0
DA:198,0
DA:205,0
DA:206,0
DA:209,0
DA:211,0
DA:212,0
DA:213,0
DA:214,0
DA:217,0
DA:218,0
DA:221,0
DA:222,0
DA:223,0
DA:224,0
DA:226,0
DA:228,0
DA:229,0
DA:231,0
DA:232,0
DA:233,0
DA:234,0
DA:235,0
DA:236,0
DA:237,0
DA:238,0
DA:240,0
DA:242,0
DA:244,0
DA:247,0
DA:248,0
DA:249,0
DA:250,0
DA:251,0
DA:252,0
DA:254,0
DA:256,0
DA:257,0
DA:258,0
DA:259,0
DA:260,0
DA:262,0
DA:263,0
DA:265,0
DA:266,0
DA:268,0
DA:270,0
DA:271,0
DA:272,0
DA:274,0
DA:275,0
DA:281,0
DA:282,0
DA:283,0
DA:284,0
DA:285,0
DA:286,0
DA:287,0
DA:288,0
DA:294,0
DA:295,0
DA:296,0
DA:297,0
DA:299,0
DA:300,0
DA:301,0
DA:302,0
DA:303,0
DA:304,0
DA:305,0
DA:307,0
DA:315,0
DA:316,0
DA:317,0
DA:318,0
DA:321,0
DA:325,0
DA:326,0
DA:327,0
DA:336,0
DA:337,0
DA:351,0
DA:352,0
DA:354,0
DA:355,0
DA:357,0
DA:358,0
DA:359,0
DA:360,0
DA:361,0
DA:362,0
DA:363,0
DA:364,0
DA:365,0
DA:366,0
DA:367,0
DA:368,0
DA:369,0
DA:370,0
DA:371,0
DA:384,0
DA:385,0
DA:392,0
DA:393,0
DA:394,0
DA:395,0
DA:396,0
DA:397,0
DA:402,0
DA:403,0
DA:404,0
DA:405,0
DA:406,0
DA:414,0
DA:415,0
DA:419,0
DA:421,0
DA:423,0
DA:424,0
DA:425,0
DA:426,0
DA:428,0
DA:441,0
DA:442,0
DA:448,0
DA:449,0
DA:450,0
DA:451,0
DA:453,0
DA:456,0
DA:457,0
DA:458,0
DA:464,0
DA:465,0
DA:466,0
DA:469,0
DA:472,0
DA:473,0
DA:474,0
DA:475,0
DA:476,0
DA:477,0
DA:483,0
DA:487,0
DA:488,0
DA:489,0
DA:490,0
DA:491,0
DA:492,0
DA:493,0
DA:496,0
DA:497,0
DA:498,0
DA:499,0
DA:501,0
DA:504,0
DA:505,0
DA:506,0
DA:507,0
DA:508,0
DA:509,0
DA:510,0
DA:511,0
DA:514,0
DA:517,0
DA:518,0
DA:519,0
DA:528,0
DA:534,0
DA:535,0
DA:536,0
DA:537,0
DA:538,0
DA:539,0
DA:540,0
DA:544,0
DA:545,0
DA:546,0
DA:548,0
DA:549,0
DA:551,0
DA:554,0
DA:555,0
DA:558,0
DA:559,0
DA:562,0
DA:563,0
DA:564,0
DA:565,0
DA:572,0
DA:574,0
DA:576,0
DA:577,0
DA:578,0
DA:579,0
DA:580,0
DA:581,0
DA:582,0
DA:583,0
DA:601,0
DA:603,0
DA:605,0
DA:606,0
DA:607,0
DA:609,0
DA:610,0
DA:612,0
DA:613,0
DA:616,0
DA:617,0
DA:618,0
DA:621,0
DA:622,0
DA:623,0
DA:629,0
DA:630,0
DA:631,0
DA:633,0
DA:637,0
DA:638,0
DA:640,0
DA:641,0
DA:642,0
DA:652,0
DA:653,0
DA:654,0
DA:655,0
DA:658,0
DA:660,0
DA:661,0
DA:662,0
DA:666,0
DA:667,0
DA:668,0
DA:670,0
DA:676,0
DA:677,0
DA:678,0
DA:679,0
DA:681,0
DA:682,0
DA:683,0
DA:686,0
DA:687,0
DA:688,0
DA:689,0
DA:690,0
DA:691,0
DA:692,0
DA:693,0
DA:694,0
DA:695,0
DA:697,0
DA:698,0
DA:699,0
DA:700,0
DA:702,0
DA:705,0
DA:706,0
DA:711,0
DA:712,0
DA:713,0
DA:716,0
DA:717,0
DA:719,0
DA:720,0
DA:721,0
DA:723,0
DA:725,0
DA:727,0
DA:728,0
DA:730,0
DA:741,0
DA:744,0
DA:745,0
DA:746,0
DA:747,0
DA:748,0
DA:753,0
DA:755,0
DA:758,0
DA:760,0
DA:762,0
DA:763,0
DA:765,0
DA:766,0
DA:767,0
DA:769,0
DA:770,0
DA:772,0
DA:785,0
DA:794,0
DA:796,0
DA:797,0
DA:800,0
DA:801,0
DA:802,0
DA:803,0
DA:804,0
DA:805,0
DA:817,0
DA:818,0
DA:819,0
DA:820,0
DA:821,0
DA:824,0
DA:828,0
DA:829,0
DA:830,0
DA:833,0
DA:836,0
DA:837,0
DA:838,0
DA:839,0
DA:840,0
DA:842,0
DA:843,0
DA:844,0
DA:845,0
DA:847,0
DA:848,0
DA:849,0
DA:850,0
DA:851,0
DA:853,0
DA:855,0
DA:859,0
DA:861,0
DA:862,0
DA:863,0
DA:869,0
DA:872,0
DA:873,0
DA:874,0
DA:875,0
DA:876,0
DA:880,0
DA:883,0
DA:886,0
DA:890,0
DA:891,0
DA:892,0
DA:894,0
DA:896,0
DA:897,0
DA:898,0
DA:901,0
DA:902,0
DA:903,0
DA:904,0
DA:906,0
DA:907,0
DA:911,0
DA:912,0
DA:917,0
DA:918,0
DA:919,0
DA:920,0
DA:921,0
DA:922,0
DA:923,0
DA:929,0
DA:930,0
DA:931,0
DA:932,0
DA:933,0
DA:934,0
DA:940,0
DA:945,0
DA:946,0
DA:947,0
DA:949,0
DA:950,0
DA:954,0
DA:955,0
DA:956,0
DA:964,0
DA:965,0
DA:966,0
DA:967,0
DA:968,0
DA:973,0
DA:974,0
DA:978,0
DA:980,0
DA:983,0
DA:984,0
DA:985,0
DA:986,0
DA:987,0
DA:992,0
DA:993,0
DA:995,0
DA:996,0
DA:997,0
DA:1003,0
DA:1004,0
DA:1005,0
DA:1007,0
DA:1008,0
DA:1009,0
DA:1018,0
DA:1020,0
DA:1022,0
DA:1023,0
DA:1024,0
DA:1027,0
DA:1035,0
DA:1036,0
DA:1037,0
DA:1038,0
DA:1039,0
DA:1047,0
DA:1050,0
DA:1051,0
DA:1052,0
DA:1053,0
DA:1054,0
DA:1058,0
DA:1059,0
DA:1060,0
DA:1062,0
DA:1063,0
DA:1064,0
DA:1077,0
DA:1080,0
DA:1081,0
DA:1082,0
DA:1085,0
DA:1086,0
DA:1088,0
DA:1090,0
DA:1091,0
DA:1092,0
DA:1093,0
DA:1094,0
DA:1095,0
DA:1097,0
DA:1102,0
DA:1103,0
DA:1104,0
DA:1105,0
DA:1106,0
DA:1107,0
DA:1109,0
DA:1110,0
DA:1111,0
DA:1113,0
DA:1114,0
DA:1116,0
DA:1117,0
DA:1118,0
DA:1119,0
DA:1122,0
DA:1123,0
DA:1125,0
DA:1136,0
DA:1137,0
DA:1138,0
DA:1143,0
DA:1144,0
DA:1149,0
DA:1150,0
DA:1151,0
DA:1152,0
DA:1154,0
DA:1156,0
DA:1157,0
DA:1158,0
DA:1164,0
DA:1168,0
DA:1174,0
DA:1175,0
DA:1178,0
DA:1181,0
DA:1182,0
DA:1184,0
DA:1185,0
DA:1191,0
DA:1194,0
DA:1195,0
DA:1197,0
DA:1199,0
DA:1200,0
DA:1205,0
DA:1206,0
DA:1207,0
DA:1212,0
DA:1215,0
DA:1216,0
DA:1217,0
DA:1218,0
DA:1219,0
DA:1225,0
DA:1226,0
DA:1227,0
DA:1230,0
DA:1231,0
DA:1235,0
DA:1239,0
DA:1240,0
DA:1241,0
DA:1243,0
DA:1244,0
DA:1245,0
DA:1246,0
DA:1248,0
DA:1249,0
DA:1252,0
DA:1253,0
DA:1256,0
DA:1257,0
DA:1258,0
DA:1260,0
DA:1261,0
DA:1262,0
DA:1265,0
DA:1266,0
DA:1267,0
DA:1269,0
DA:1270,0
DA:1271,0
DA:1273,0
DA:1275,0
DA:1279,0
DA:1281,0
DA:1282,0
DA:1289,0
DA:1291,0
DA:1292,0
DA:1293,0
DA:1296,0
DA:1297,0
DA:1298,0
DA:1308,0
DA:1309,0
DA:1310,0
DA:1312,0
DA:1313,0
DA:1317,0
DA:1318,0
DA:1321,0
DA:1324,0
DA:1325,0
DA:1326,0
DA:1327,0
DA:1328,0
DA:1329,0
DA:1330,0
DA:1331,0
DA:1332,0
DA:1334,0
DA:1335,0
DA:1336,0
DA:1337,0
DA:1338,0
DA:1339,0
DA:1347,0
DA:1351,0
DA:1352,0
DA:1353,0
DA:1355,0
DA:1356,0
DA:1358,0
DA:1359,0
DA:1364,0
DA:1366,0
DA:1370,0
DA:1371,0
DA:1372,0
DA:1373,0
DA:1375,0
DA:1376,0
DA:1377,0
DA:1379,0
DA:1380,0
DA:1381,0
DA:1384,0
DA:1387,0
DA:1388,0
DA:1389,0
DA:1391,0
DA:1392,0
DA:1393,0
DA:1395,0
DA:1396,0
DA:1398,0
DA:1400,0
DA:1401,0
DA:1402,0
DA:1403,0
DA:1410,0
DA:1412,0
DA:1414,0
DA:1415,0
DA:1416,0
DA:1417,0
DA:1426,0
DA:1427,0
DA:1428,0
DA:1440,0
DA:1442,0
DA:1445,0
DA:1446,0
DA:1447,0
DA:1448,0
DA:1449,0
DA:1452,0
DA:1454,0
DA:1457,0
DA:1458,0
DA:1459,0
DA:1460,0
DA:1461,0
DA:1473,0
DA:1475,0
DA:1479,0
DA:1480,0
DA:1481,0
DA:1485,0
DA:1486,0
DA:1488,0
DA:1489,0
DA:1490,0
DA:1495,0
DA:1498,0
DA:1510,0
DA:1511,0
DA:1512,0
DA:1513,0
DA:1519,0
DA:1520,0
DA:1528,0
DA:1529,0
DA:1530,0
DA:1532,0
DA:1533,0
DA:1534,0
DA:1535,0
DA:1536,0
DA:1540,0
DA:1541,0
DA:1543,0
DA:1549,0
DA:1551,0
DA:1552,0
DA:1553,0
DA:1554,0
DA:1555,0
DA:1558,0
DA:1559,0
DA:1560,0
DA:1561,0
DA:1567,0
DA:1570,0
DA:1571,0
DA:1580,0
DA:1583,0
DA:1584,0
DA:1585,0
DA:1588,0
DA:1589,0
DA:1590,0
DA:1592,0
DA:1593,0
DA:1598,0
DA:1599,0
DA:1600,0
DA:1601,0
DA:1602,0
DA:1603,0
DA:1604,0
DA:1611,0
DA:1612,0
DA:1614,0
DA:1618,0
DA:1625,0
DA:1627,0
DA:1630,0
DA:1634,0
DA:1635,0
DA:1636,0
DA:1639,0
DA:1640,0
DA:1641,0
DA:1642,0
DA:1643,0
DA:1646,0
DA:1647,0
DA:1648,0
DA:1652,0
DA:1653,0
DA:1654,0
DA:1655,0
DA:1658,0
DA:1660,0
DA:1665,0
DA:1666,0
DA:1667,0
DA:1668,0
DA:1669,0
DA:1671,0
DA:1674,0
DA:1681,0
DA:1682,0
DA:1683,0
DA:1685,0
DA:1686,0
DA:1690,0
DA:1695,0
DA:1697,0
DA:1700,0
DA:1701,0
DA:1702,0
DA:1703,0
DA:1704,0
DA:1708,0
DA:1713,0
DA:1714,0
DA:1715,0
DA:1716,0
DA:1718,0
DA:1719,0
DA:1728,0
DA:1729,0
DA:1730,0
DA:1731,0
DA:1732,0
DA:1733,0
DA:1735,0
DA:1738,0
DA:1739,0
DA:1747,0
DA:1748,0
DA:1749,0
DA:1750,0
DA:1754,0
DA:1755,0
DA:1756,0
DA:1757,0
DA:1758,0
DA:1761,0
DA:1762,0
DA:1763,0
DA:1764,0
DA:1765,0
DA:1768,0
DA:1769,0
DA:1770,0
DA:1771,0
DA:1772,0
DA:1776,0
DA:1777,0
DA:1778,0
DA:1779,0
DA:1780,0
DA:1784,0
DA:1785,0
DA:1792,0
DA:1793,0
DA:1795,0
DA:1796,0
DA:1802,0
DA:1803,0
DA:1805,0
DA:1806,0
DA:1807,0
DA:1808,0
DA:1813,0
DA:1814,0
DA:1816,0
DA:1817,0
DA:1818,0
DA:1820,0
DA:1826,0
DA:1827,0
DA:1828,0
DA:1832,0
DA:1835,0
DA:1836,0
DA:1837,0
DA:1839,0
DA:1840,0
DA:1853,0
DA:1854,0
DA:1855,0
DA:1856,0
DA:1858,0
DA:1859,0
DA:1860,0
DA:1861,0
DA:1864,0
DA:1871,0
DA:1873,0
DA:1874,0
DA:1878,0
DA:1879,0
DA:1880,0
DA:1881,0
DA:1905,0
DA:1907,0
DA:1911,0
DA:1914,0
DA:1915,0
DA:1920,0
DA:1921,0
DA:1925,0
DA:1926,0
DA:1932,0
DA:1934,0
DA:1935,0
DA:1938,0
DA:1940,0
DA:1943,0
DA:1946,0
DA:1956,0
DA:1957,0
DA:1959,0
DA:1960,0
DA:1962,0
DA:1963,0
DA:1964,0
DA:1968,0
DA:1969,0
DA:1970,0
DA:1971,0
DA:1977,0
DA:1978,0
DA:1983,0
DA:1984,0
DA:1985,0
DA:1988,0
DA:1989,0
DA:1990,0
DA:1994,0
DA:1995,0
DA:1996,0
DA:1997,0
DA:1998,0
DA:1999,0
DA:2000,0
DA:2001,0
DA:2002,0
DA:2003,0
DA:2006,0
DA:2007,0
DA:2009,0
DA:2012,0
DA:2015,0
DA:2019,0
DA:2020,0
DA:2023,0
DA:2024,0
DA:2026,0
DA:2027,0
DA:2029,0
DA:2030,0
DA:2032,0
DA:2041,0
DA:2042,0
DA:2043,0
DA:2044,0
DA:2045,0
DA:2046,0
DA:2047,0
DA:2048,0
DA:2052,0
DA:2054,0
DA:2055,0
DA:2058,0
DA:2061,0
DA:2062,0
DA:2064,0
DA:2065,0
DA:2067,0
DA:2070,0
DA:2071,0
DA:2072,0
DA:2073,0
DA:2076,0
DA:2083,0
DA:2084,0
DA:2085,0
DA:2086,0
DA:2088,0
DA:2089,0
DA:2091,0
DA:2092,0
DA:2097,0
DA:2098,0
DA:2099,0
DA:2100,0
DA:2101,0
DA:2102,0
DA:2103,0
DA:2104,0
DA:2107,0
DA:2109,0
DA:2110,0
DA:2111,0
DA:2112,0
DA:2114,0
DA:2115,0
DA:2116,0
DA:2118,0
DA:2119,0
DA:2120,0
DA:2121,0
DA:2122,0
DA:2123,0
DA:2124,0
DA:2128,0
DA:2129,0
DA:2134,0
DA:2135,0
DA:2136,0
DA:2137,0
DA:2139,0
DA:2140,0
DA:2141,0
DA:2142,0
DA:2143,0
DA:2144,0
DA:2145,0
DA:2146,0
DA:2148,0
DA:2149,0
DA:2151,0
DA:2152,0
DA:2155,0
DA:2156,0
DA:2161,0
DA:2162,0
DA:2164,0
DA:2165,0
DA:2166,0
DA:2169,0
DA:2170,0
DA:2171,0
DA:2172,0
DA:2173,0
DA:2181,0
DA:2183,0
DA:2184,0
DA:2185,0
DA:2186,0
DA:2188,0
DA:2189,0
DA:2190,0
DA:2191,0
DA:2193,0
DA:2194,0
DA:2195,0
DA:2196,0
DA:2198,0
DA:2200,0
DA:2201,0
DA:2202,0
DA:2203,0
DA:2205,0
DA:2206,0
DA:2208,0
DA:2209,0
DA:2210,0
DA:2212,0
DA:2214,0
DA:2215,0
DA:2216,0
DA:2217,0
DA:2221,0
DA:2222,0
DA:2224,0
DA:2225,0
DA:2226,0
DA:2232,0
DA:2233,0
DA:2234,0
DA:2238,0
DA:2239,0
DA:2240,0
DA:2241,0
DA:2242,0
DA:2244,0
DA:2245,0
DA:2247,0
DA:2248,0
DA:2249,0
DA:2250,0
DA:2252,0
DA:2253,0
DA:2256,0
DA:2257,0
DA:2259,0
DA:2260,0
DA:2261,0
DA:2262,0
DA:2263,0
DA:2264,0
DA:2266,0
DA:2270,0
DA:2278,0
DA:2283,0
DA:2284,0
DA:2286,0
DA:2288,0
DA:2289,0
DA:2290,0
DA:2292,0
DA:2294,0
DA:2295,0
DA:2299,0
DA:2301,0
DA:2302,0
DA:2303,0
DA:2305,0
DA:2306,0
DA:2312,0
DA:2314,0
DA:2316,0
DA:2317,0
DA:2318,0
DA:2321,0
DA:2322,0
DA:2323,0
DA:2324,0
DA:2325,0
DA:2326,0
DA:2328,0
DA:2330,0
DA:2331,0
DA:2332,0
DA:2334,0
DA:2335,0
DA:2336,0
DA:2337,0
DA:2338,0
DA:2340,0
DA:2343,0
DA:2344,0
DA:2345,0
DA:2349,0
DA:2350,0
DA:2351,0
DA:2355,0
DA:2356,0
DA:2357,0
DA:2362,0
DA:2363,0
DA:2365,0
DA:2366,0
DA:2370,0
DA:2371,0
DA:2372,0
DA:2373,0
DA:2375,0
DA:2385,14
DA:2391,14
DA:2392,14
DA:2393,14
DA:2403,14
DA:2404,14
DA:2405,14
DA:2408,14
DA:2411,14
DA:2412,14
DA:2418,11
DA:2424,11
DA:2425,11
DA:2428,11
DA:2429,11
DA:2432,11
DA:2434,11
DA:2440,6
DA:2445,6
DA:2446,1
DA:2447,1
DA:2451,5
DA:2454,5
DA:2455,5
DA:2456,5
DA:2457,6
DA:2461,14
DA:2464,14
DA:2468,16
DA:2469,3
DA:2470,2
DA:2472,1
DA:2473,1
DA:2478,13
DA:2479,2
DA:2480,2
DA:2484,11
DA:2486,11
DA:2487,0
DA:2488,0
DA:2492,11
DA:2493,0
DA:2494,0
DA:2497,11
DA:2498,11
DA:2501,0
DA:2502,0
DA:2506,11
DA:2509,11
DA:2510,11
DA:2511,11
DA:2512,11
DA:2513,14
DA:2541,9
DA:2543,9
DA:2547,9
DA:2548,9
DA:2549,9
DA:2550,9
DA:2551,9
DA:2552,1
DA:2553,1
DA:2554,1
DA:2558,8
DA:2560,0
DA:2561,0
DA:2562,0
DA:2563,0
DA:2564,0
DA:2568,8
DA:2569,8
DA:2570,8
DA:2571,0
DA:2572,0
DA:2574,0
DA:2576,8
DA:2579,8
DA:2580,0
DA:2581,0
DA:2582,0
DA:2583,0
DA:2587,8
DA:2588,8
DA:2589,8
DA:2590,8
DA:2591,9
DA:2595,1
DA:2596,1
DA:2599,1
DA:2600,1
DA:2601,1
DA:2602,1
DA:2603,1
DA:2604,0
DA:2605,1
DA:2608,1
DA:2609,1
DA:2610,1
DA:2611,1
DA:2614,845
DA:2615,845
DA:2618,1714
DA:2619,24
DA:2621,24
DA:2622,1
DA:2623,1
DA:2624,846
DA:2627,845
DA:2628,845
DA:2631,9
DA:2638,9
DA:2642,9
DA:2643,9
DA:2644,9
DA:2647,13
DA:2648,4
DA:2650,1
DA:2653,0
DA:2654,0
DA:2659,9
DA:2661,9
DA:2663,9
DA:2668,9
DA:2669,0
DA:2670,0
DA:2674,9
DA:2675,9
DA:2678,9
DA:2679,9
DA:2680,9
DA:2681,9
DA:2683,9
DA:2684,9
DA:2685,1
DA:2686,1
DA:2688,9
DA:2689,9
DA:2690,0
DA:2693,9
DA:2694,9
DA:2695,9
DA:2696,9
DA:2700,9
DA:2701,9
DA:2703,9
DA:2707,9
DA:2708,1
DA:2711,9
DA:2713,9
DA:2714,9
DA:2715,9
DA:2717,24
DA:2718,15
DA:2719,15
DA:2720,15
DA:2721,15
DA:2731,9
DA:2733,8
DA:2735,8
DA:2736,1
DA:2737,1
DA:2741,7
DA:2743,5
DA:2744,5
DA:2746,7
DA:2747,7
DA:2750,7
DA:2751,7
DA:2752,7
DA:2756,8
DA:2757,8
DA:2760,0
DA:2761,0
DA:2762,0
DA:2763,0
DA:2765,0
DA:2768,1
DA:2769,1
DA:2770,1
DA:2771,1
DA:2773,9
DA:2780,0
DA:2781,0
DA:2782,0
DA:2783,0
DA:2785,0
DA:2786,0
DA:2803,0
DA:2804,0
DA:2805,0
DA:2808,0
DA:2812,0
DA:2815,0
DA:2816,0
DA:2821,0
DA:2822,0
DA:2823,0
DA:2824,0
DA:2825,0
DA:2826,0
DA:2831,0
DA:2836,0
DA:2837,0
DA:2838,0
DA:2840,0
DA:2842,0
DA:2843,0
DA:2846,0
DA:2848,0
DA:2849,0
DA:2850,0
DA:2854,0
DA:2855,0
DA:2856,0
DA:2860,0
DA:2862,0
DA:2865,0
DA:2866,0
DA:2871,0
DA:2872,0
DA:2874,0
DA:2875,0
DA:2876,0
DA:2883,0
DA:2884,0
DA:2885,0
LF:1363
LH:152
end_of_record
SF:/var/lib/jenkins/jobs/redis-lcov/workspace/src/sds.h
DA:48,87
DA:49,87
LF:2
LH:2
end_of_record
